W0405 20:06:29.115234 42399232 analysis_predictor.cc:1350] Deprecated. Please use CreatePredictor instead.
04/05/2022 20:06:29 - INFO - 篇章类型:GOVERNMENT_REPORT
04/05/2022 20:06:29 - INFO - 篇章列表:["../../data/泰安市政府工作报告/2021年政府工作报告.docx", "../../data/泰安市政府工作报告/2020年政府工作报告.docx"]
04/05/2022 20:06:29 - INFO - 已选取基准文档:2021年政府工作报告.docx
04/05/2022 20:06:29 - INFO - 【相似度得分】:0.9329556203566843
【基准句】:【2021年政府工作报告】政府工作报告——2021年1月25日在泰安市第十七届人民代表大会第六次会议上
【参考句】:【2020年政府工作报告】政府工作报告——2020年1月9日在泰安市第十七届人民代表大会第五次会议上
04/05/2022 20:06:29 - INFO - 【相似度得分】:1.0
【基准句】:市长张涛
【参考句】:市长  张涛
04/05/2022 20:06:29 - INFO - 【相似度得分】:0.9999999999999998
【基准句】:各位代表：
【参考句】:各位代表：
04/05/2022 20:06:29 - INFO - 【相似度得分】:1.0000000000000002
【基准句】:现在，我代表市人民政府向大会报告工作，请予审议，并请市政协委员和列席会议的同志提出意见
【参考句】:现在，我代表市人民政府向大会报告工作，请予审议，并请市政协委员和列席会议的同志提出意见
04/05/2022 20:06:29 - INFO - 【相似度得分】:0.6915640748081248
【基准句】:一、“十三五”时期及2020年工作回顾
【参考句】:一、2019年工作回顾
04/05/2022 20:06:29 - INFO - 【相似度得分】:0.6959726774172252
【基准句】:“十三五”时期，面对错综复杂的国内外形势、艰巨繁重的改革发展稳定任务，特别是新冠肺炎疫情严重冲击，全市上下在中共泰安市委的坚强领导下，坚持以习近平新时代中国特色社会主义思想为指导，勇做新时代泰山“挑山工”，统筹推进“五位一体”总体布局，协调推进“四个全面”战略布局，牢牢把握稳中求进工作总基调，紧紧依靠全市人民，挑担不畏难、登山不畏险，坦途不歇脚、重压不歇肩，圆满完成了“十三五”规划主要目标任务
【参考句】:面对多种困难挑战，我们坚持以习近平新时代中国特色社会主义思想为指导，深入贯彻党的十九大和十九届二中、三中、四中全会精神，认真落实习近平总书记视察山东重要讲话、重要指示批示精神，增强“四个意识”，坚定“四个自信”，做到“两个维护”，始终在政治立场、政治方向、政治原则、政治道路上同党中央保持高度一致，在中共泰安市委的坚强领导下，坚持稳中求进工作总基调，积极寻标对标，全力“七赛七比”，勇做新时代泰山“挑山工”，推动高质量发展迈出坚实步伐，我市综合竞争力进一步提升，在中国城市品牌评价百强中位列第38位，中国百强城市排行中位列第63位，获评中国投资环境百佳城市、中国企业营商环境十佳城市
04/05/2022 20:06:29 - INFO - 【相似度得分】:0.6978335239145621
【基准句】:“十三五”末，全市地区生产总值达到2766.5亿元，年均增长5.8%，按可比价格计算，比2010年翻一番；一般公共预算收入达到229.2亿元，年均增长2.2%；实现社会消费品零售总额1022.4亿元，年均增长4.4%；金融机构存贷款余额分别达到4559.6亿元、3136.3亿元，年均分别增长13.7%、14.8%；城乡居民人均可支配收入达到30937元，比2010年翻一番
【参考句】:地区生产总值预计增长6%左右；一般公共预算收入完成224.7亿元，增长2.36%；纳入一般公共预算的地方级税收收入完成164.2亿元，增长3.9%，税收占财政收入比重达到73%
04/05/2022 20:06:29 - INFO - 【相似度得分】:0.6002450479987809
【基准句】:国家级高新技术企业总数达到369家，是“十二五”末的3.2倍
【参考句】:“四新经济”快速发展，净增国家级高新技术企业74家，增长37.8%，总数达到270家
04/05/2022 20:06:30 - INFO - 【相似度得分】:0.6020684990017517
【基准句】:建设改造万官大街、博阳路、环山路东延等城市主干道，新建续建道路25条、71.6公里
【参考句】:畅通道路交通，实施城区11条道路建设，完成龙潭路与灵山大街路口渠化及道路改造，环山路东延、学院路、天平大街、长城西路竣工通车，群众期盼20多年的擂鼓石大街贯通工程顺利推进
04/05/2022 20:06:30 - INFO - 【相似度得分】:0.6172133998483678
【基准句】:完成老旧小区改造4.71万户
【参考句】:实施棚户区改造1.34万套，铺开城中村改造项目17个、1.2万户
04/05/2022 20:06:31 - INFO - 【相似度得分】:0.7055825138799824
【基准句】:“贴心代办、一次办好”改革不断深化，推出“带方案出让用地”审批服务新模式，工业新增用地项目实现“拿地即开工”，打响“泰好办”服务品牌，获评中国投资环境百佳城市、中国企业营商环境十佳城市
【参考句】:推出“带方案出让用地”审批服务新模式，工业新增用地项目实现“拿地即开工”
04/05/2022 20:06:31 - INFO - 【相似度得分】:0.8235321051453477
【基准句】:全面完成国有企业“三供一业”分离移交
【参考句】:国资国企改革深入推进，国有企业“三供一业”分离移交全面完成
04/05/2022 20:06:31 - INFO - 【相似度得分】:0.6204533874635851
【基准句】:全市实有市场主体达到49.3万户，比2015年增长81.4%
【参考句】:存贷款余额分别达到4093.8亿元、2696.4亿元，增长12.1%、14%
04/05/2022 20:06:31 - INFO - 【相似度得分】:0.6684847767323796
【基准句】:“十三五”时期，完成进出口总值833.9亿元，年均增长8.4%；招商引资项目到位市外资金1842.3亿元；实际利用外资30亿美元，年均增长14.2%
【参考句】:预计全年完成进出口总额168亿元，增长5.5%左右；实际利用外资4.58亿美元
04/05/2022 20:06:31 - INFO - 【相似度得分】:0.6176731491857463
【基准句】:泰山区域山水林田湖草生态保护修复工程成功入选全国试点，完成投资144.8亿元
【参考句】:践行“绿水青山就是金山银山”理念，全面完成泰山区域山水林田湖草生态保护修复工程
04/05/2022 20:06:31 - INFO - 【相似度得分】:0.7171371656006361
【基准句】:全面加强泰山石保护，彻底关闭取缔各类大型石头交易市场236处
【参考句】:全力打好泰山石保护攻坚战，彻底关闭取缔了各类泰山石交易市场
04/05/2022 20:06:32 - INFO - 【相似度得分】:0.677499271043498
【基准句】:累计实现城镇新增就业27.7万人，期末城镇登记失业率2.08%
【参考句】:社会保障更加有力，精准落实扩大就业政策，发放一次性创业补贴107.4万元、创业担保贷款5.6亿元，新增城镇就业5.8万人，城镇登记失业率2.02%
04/05/2022 20:06:32 - INFO - 【相似度得分】:0.626264656627197
【基准句】:教育经费提高到110亿元，较“十二五”末增长45.5%，累计建设中小学校、幼儿园1111处，增长55.6%，泰安一中新校区、市特教中心建成投用，义务教育“大班额”全面消除
【参考句】:服务业繁荣发展，完成税收150.41亿元，增长12%，占全部税收比重达到51.61%
04/05/2022 20:06:32 - INFO - 【相似度得分】:0.6504436355879909
【基准句】:建成全国首家慢病互联网医院
【参考句】:全国首家慢病互联网医院项目落地仅用5个工作日
04/05/2022 20:06:32 - INFO - 【相似度得分】:0.7332132200228391
【基准句】:在全省率先实现互联网医保线上支付，被确定为全国城市医联体建设试点市
【参考句】:我市被确定为全国城市医联体建设试点市
04/05/2022 20:06:32 - INFO - 【相似度得分】:0.6377481392176932
【基准句】:成功举办首届泰山国际文化论坛
【参考句】:文化体育事业繁荣发展，成功举办首届泰山国际文化论坛，实现泰山文化与世界文化在更高层次、更广领域交流交融
04/05/2022 20:06:32 - INFO - 【相似度得分】:0.7290975688968439
【基准句】:泰山国际登山比赛、泰山国际马拉松获评中国体育旅游精品赛事
【参考句】:加快建设国际知名体育休闲城市，泰山国际登山比赛入选全国体育旅游十佳精品赛事
04/05/2022 20:06:33 - INFO - 【相似度得分】:0.6034361570534851
【基准句】:2020年，地区生产总值增长3.5%；一般公共预算收入增长2%；固定资产投资增长2.9%；规模以上工业企业实现营业收入2137.1亿元，同比增长1.4%；存贷款余额分别增长11.4%、16.3%；进出口总值增长24.8%，实际利用外资增长109.9%
【参考句】:“双50强”企业带动明显，50家工业领军企业预计实现营业收入1360亿元，增长5%左右；46家科技创新型企业预计实现营业收入32.49亿元，增长24.38%
04/05/2022 20:06:33 - INFO - 【相似度得分】:0.6532412555335391
【基准句】:高新技术企业新增97家，国家级制造业单项冠军和绿色工厂分别达到15家、19家
【参考句】:全市拥有国家级制造业单项冠军10家、绿色工厂17家，数量均居全省首位
04/05/2022 20:06:33 - INFO - 【相似度得分】:0.6308438912690802
【基准句】:石横特钢产能置换一期、泰开智能制造、泰山玻纤七线八线、泰山石膏护面纸、恒信高科能源等一批重大产业项目建成投产，国泰大成、正威新材料、钜成集团LCOS芯片、泰山政法大数据产业园等一批项目落地建设
【参考句】:发挥重大项目稳投资和加快动能转换的关键作用，抓好泰安特种建筑用钢产业集群、泰安二期抽水蓄能电站、正威金属新材料产业基地、碳纤维产业园、康平纳筒子纱智能染色共享工厂、泰山新闻出版小镇等投资过10亿元产业项目建设
04/05/2022 20:06:34 - INFO - 【相似度得分】:0.6361464251628643
【基准句】:吸引工商资本下乡395亿元，新增规模以上农业龙头企业6家、达到331家，其中国家级4家
【参考句】:支持优质工商资本下乡，培植壮大新型农业经营主体，新发展规模以上农业龙头企业5家、市级以上农民专业合作社100家、家庭农场40家
04/05/2022 20:06:34 - INFO - 【相似度得分】:0.6736096792653739
【基准句】:深入落实人才“金十条”，累计兑现各类奖补资金2.36亿元
【参考句】:强化招才引智，放大人才“金十条”政策效应，全市兑现各类人才奖励补助资金1.3亿元，其中市本级6823.6万元
04/05/2022 20:06:34 - INFO - 【相似度得分】:0.6483776874747003
【基准句】:引进培育产业领军人才100余人，培养实用技能人才6320人，新增来泰就业高校毕业生1.7万余人
【参考句】:实施“泰汶专才”计划，推进“十百千”人才队伍“促引培优”行动，培养引进“产业顶尖人才”11人，“行业领军人才”100人，培育高级工、技师、高级技师等“高技能人才”3257人；新增省级以上人才平台载体44家
04/05/2022 20:06:35 - INFO - 【相似度得分】:0.7735267838285932
【基准句】:援疆、与巫溪县对口扶贫协作工作取得明显成效
【参考句】:援疆、与巫溪县对口扶贫协作工作深入开展
04/05/2022 20:06:35 - INFO - 【相似度得分】:0.6553310156079494
【基准句】:编制实施《东平湖生态保护和高质量发展专项规划》，东平湖环境综合治理攻坚行动取得明显成效
【参考句】:加快编制《东平湖区域生态保护和高质量发展规划》
04/05/2022 20:06:35 - INFO - 【相似度得分】:0.6071585293817955
【基准句】:实施金融风险化解攻坚，深入开展“增信贷、降不良、打逃债、树诚信”专项行动，超前化解重点骨干工业企业和逾期欠息企业资金链风险，金融机构不良贷款、不良贷款率连续实现“双下降”
【参考句】:金融机构不良贷款、不良贷款率连续实现“双下降”，不良贷款率2.43%，低于全省平均水平
04/05/2022 20:06:35 - INFO - 【相似度得分】:0.7335942132182607
【基准句】:济泰高速、青兰高速、董梁高速等6个高速公路项目建成通车，新增通车里程190.6公里
【参考句】:济泰高速、京台高速改扩建等８个高速公路项目加快建设，青兰高速泰安段提前半年建成通车
04/05/2022 20:06:35 - INFO - 【相似度得分】:0.7003155967948066
【基准句】:着力疏通城市堵点，打通擂鼓石大街、灵山大街、北上高大街、青年路南段等“断头路”“卡脖子路”，建成首条高架路——迎胜路南延工程，城市路网体系日益完善
【参考句】:继续把打通断头路、丁字路作为重点，抓好擂鼓石大街中段、北上高大街、灵山大街东段等续建道路工程，新开工灵山大街东段跨辛泰铁路桥、博阳路省庄互通立交桥、泮河大街东延、谢过城大街、明堂路北段和南段、擂鼓石大街东段、环山路东延二期、双龙路、迎胜路南延等建设改造工程
04/05/2022 20:06:36 - INFO - 【相似度得分】:0.6072576922212717
【基准句】:实施雨污分流改造工程，新建管网62.5公里，老旧管线非开挖清淤318公里；泮河等河道综合整治成效明显，城区黑臭水体基本消除
【参考句】:实施泰城排水管网雨污分流改造，梳洗河、明堂河、芝田河等河流综合整治有序推进，城区黑臭水体基本消除
04/05/2022 20:06:36 - INFO - 【相似度得分】:0.7633862853691145
【基准句】:强化安全生产风险防控，安全生产形势持续平稳
【参考句】:安全生产形势持续稳定
04/05/2022 20:06:37 - INFO - 【相似度得分】:0.8963776193144848
【基准句】:食品药品安全、国防动员、人民防空、退役军人、民族宗教、残疾人、工会、共青团、妇女儿童等事业取得新成绩
【参考句】:国防动员、退役军人、双拥共建、民族宗教、外事、人防、消防、气象、青少年、妇女儿童、老龄、残疾人等各项事业取得新成绩
04/05/2022 20:06:37 - INFO - 【相似度得分】:0.6333333333333333
【基准句】:在市委的坚强领导下，巩固拓展“不忘初心、牢记使命”主题教育成果，政府系统党的建设全面加强
【参考句】:坚持党建引领，切实把政治建设摆在首位，认真贯彻落实中央决策部署和省市委工作要求，扎实开展“不忘初心、牢记使命”主题教育，着力加强政府系统党的建设，把党的领导体现到政府工作各领域各方面各环节
04/05/2022 20:06:37 - INFO - 【相似度得分】:0.6826365409636548
【基准句】:持续推进政务公开，12345政务服务热线受理群众有效投诉84.96万件，按期办结率达到99.7%
【参考句】:12345政务服务热线接听群众来电62.6万件，群众满意率达到94%以上
04/05/2022 20:06:37 - INFO - 【相似度得分】:0.6187184335382291
【基准句】:深入开展法治政府建设示范创建
【参考句】:加快建设法治政府
04/05/2022 20:06:37 - INFO - 【相似度得分】:0.9352222185367783
【基准句】:办理人大代表建议111件、政协提案265件，答复率均达100%
【参考句】:办理人大代表建议156件、政协提案289件，答复率均达100%
04/05/2022 20:06:37 - INFO - 【相似度得分】:0.6296296296296297
【基准句】:切实加强政府廉政建设，严格落实中央八项规定精神，大力整治形式主义官僚主义，文件、会议进一步精简，“三公”经费同比压减34.9%，政风行风持续好转
【参考句】:切实加强政府廉政建设，严格落实中央八项规定精神
04/05/2022 20:06:37 - INFO - 【相似度得分】:0.6968810326577558
【基准句】:各位代表！以上成绩的取得，是我们深入贯彻落实习近平新时代中国特色社会主义思想的结果，是市委坚强领导的结果，是市人大、市政协及社会各界有效监督和大力支持的结果，是全市人民解放思想、团结拼搏的结果，也是驻泰各单位和各界人士全力支持、自觉融入泰安经济社会发展的结果
【参考句】:各位代表，过去一年，我们逢山开路、遇水架桥，经济社会发展取得了可喜成绩，这是全市上下坚决贯彻党中央、国务院决策部署和省委、省政府工作要求的结果，是市委科学决策、坚强领导和市人大、市政协监督支持的结果，是全市人民同心同德干事业、攻坚克难抓落实的结果
04/05/2022 20:06:37 - INFO - 【相似度得分】:0.874116236634225
【基准句】:在此，我代表市人民政府，向全市广大干部群众、各民主党派、工商联、无党派人士，向驻泰人民解放军、武警官兵和中央、省驻泰单位，向关心支持泰安发展的港澳台同胞、海外侨胞及海内外朋友，向在这次伟大的抗疫斗争中，作出突出贡献的广大医务工作者和党员干部群众，向在创建全国文明城市中，作出积极贡献的泰城市民、广大志愿者和各行各业的干部职工，表示崇高敬意和衷心感谢！
【参考句】:在此，我代表市人民政府，向全市广大干部群众、各民主党派、工商联、无党派人士，向人民解放军、武警驻泰部队和各驻泰单位，向关心支持泰安发展的港澳台同胞、海外侨胞及海内外各界朋友，表示崇高的敬意和衷心的感谢！
04/05/2022 20:06:37 - INFO - 【相似度得分】:0.6595849183747089
【基准句】:在肯定成绩的同时，必须清醒地看到，当前疫情变化和外部环境存在诸多不确定性，我市经济恢复基础尚不牢固，还存在诸多困难和问题：对照先进地市，经济总量偏小、综合实力偏弱的市情还没有得到根本改变；对照高质量发展任务，“传统产业转型慢、新兴产业支撑弱”的产业现状还没有得到根本改变；对照全面深化改革目标，源头创新能力不强、服务效能不高、开放程度不深等方面问题还没有得到根本改变；对照“六保三促”要求，破解瓶颈制约力度不够问题还没有得到根本改变；对照人民期望要求，公共服务、基础设施等领域还存在短板弱项；民生保障和社会治理有待进一步加强；营商环境还需进一步优化；落实中央八项规定精神和干部队伍建设还有差距，等等
【参考句】:我们也必须清醒认识到，发展还面临不少问题和挑战：经济总量偏小、质量不优，新旧动能转换接续不畅；“四新经济”规模小、比重低，产业结构性矛盾仍然突出；减税降费政策力度持续加大，刚性支出有增无减，财政收支平衡难度增大；环境容量和能耗空间已达“天花板”，动能转换和高质量发展面临更大考验；双招双引有待加强，改革开放还需深化；城乡发展仍不够均衡，城市品质提升还存在短板；民生改善与群众期盼还有一定差距；社会治理体系和治理能力有待提高；少数干部在服务意识、担当精神、高效落实和廉洁自律等方面还有不足，等等
04/05/2022 20:06:37 - INFO - 【相似度得分】:0.8065591326174433
【基准句】:对此，我们一定高度重视，采取有效措施，认真加以解决
【参考句】:对此，我们将采取切实有效的措施，认真加以解决
04/05/2022 20:06:37 - INFO - 【相似度得分】:0.8053380215429525
【基准句】:我们要：高举中国特色社会主义伟大旗帜，深入贯彻党的十九大和十九届二中、三中、四中、五中全会精神，坚持以习近平新时代中国特色社会主义思想为指导，统筹推进“五位一体”总体布局，协调推进“四个全面”战略布局，坚定不移贯彻创新、协调、绿色、开放、共享的新发展理念，坚持稳中求进工作总基调，以推动高质量发展为主题，以深化供给侧结构性改革为主线，以改革创新为根本动力，以满足人民日益增长的美好生活需要为根本目的，主动融入新发展格局，加快培育现代产业体系，深入推进治理体系和治理能力现代化，勇做新时代泰山“挑山工”，为全面建设新时代现代化强市开好局、起好步
【参考句】:今年政府工作的总体要求是：坚持以习近平新时代中国特色社会主义思想为指导，全面贯彻党的十九大和十九届二中、三中、四中全会及中央、省委经济工作会议精神，坚持稳中求进工作总基调，坚持新发展理念，坚持以深化供给侧结构性改革为主线，坚持以改革开放为动力，聚焦全省“八大发展战略”，全面做好“六稳”工作，统筹推进稳增长、促改革、调结构、惠民生、防风险、保稳定等各项工作，勇做新时代泰山“挑山工”，扎实开展重点工作攻坚行动，坚决打赢三大攻坚战，培育动能转换新引擎，集聚高质量发展新优势，推动经济社会发展争先进位，实现“十三五”规划圆满收官，为“十四五”良好开局奠定坚实基础，以优异成绩为全面建成小康社会作出积极贡献
04/05/2022 20:06:37 - INFO - 【相似度得分】:0.6727142555085893
【基准句】:综合实力显著增强、发展质效大幅提升、发展活力充分释放、改革开放持续深化、生态环境更加优美、治理效能明显提高、人民生活更加富足，在新材料和装备制造、生态建设、文化旅游、高端康养、科技教育、区域交通、治理效能等方面走在全省前列，努力建成产业高地、生态绿地、文旅胜地、康养福地、科创名地
【参考句】:牢固树立新发展理念，聚焦高质量发展，靶心不偏、焦点不散、标准不降、力度不减，加快打造产业高地、生态绿地、文旅胜地、康养福地、创新后发之地“五个名地”，确保全面建成小康社会
04/05/2022 20:06:38 - INFO - 【相似度得分】:0.6493567339421699
【基准句】:“山水圣人”中华文化枢轴、大泰山文化旅游圈等文旅协同合作取得重大进展，“山城一体、全域布局、文旅相长、宜融尽融”的文旅深度融合格局基本形成，高品质公共文化产品和服务供给能力明显增强，打造彰显泰山魅力的国际文旅胜地
【参考句】:加强与济南、济宁文化旅游协同合作，策划实施一批重大文旅项目，打造“山水圣人”中华文化枢轴
04/05/2022 20:06:38 - INFO - 【相似度得分】:0.7020432908849333
【基准句】:各位代表！做好“十四五”工作，实现上述预期目标，我们要在市委的坚强领导下，坚持好“五个原则”，不断提升促进发展的能力和水平
【参考句】:各位代表，做好今年政府工作，实现上述经济社会发展目标，我们要在市委的坚强领导下，切实站在 “五位一体”总体布局、“四个全面”战略布局的高度，全面贯彻中央“六稳”工作要求，深入落实全省“八大发展战略”，按照市委“12355”发展思路，坚持好“四个导向”，确保各项工作更贴近大局、更富有成效：一是坚持目标导向
04/05/2022 20:06:39 - INFO - 【相似度得分】:0.6092717958449424
【基准句】:四是必须坚持深化改革开放
【参考句】:（四）改革开放不断深化
04/05/2022 20:06:39 - INFO - 【相似度得分】:0.8885233166386385
【基准句】:三、2021年政府重点工作
【参考句】:三、2020年政府工作重点任务
04/05/2022 20:06:39 - INFO - 【相似度得分】:0.683380419425344
【基准句】:今年是“十四五”规划开局之年，是“两个百年”目标交汇与转换之年，是我市开启新时代现代化强市建设新征程的关键一年，做好今年工作意义重大
【参考句】:2020年是全面建成小康社会和“十三五”规划收官之年，是省委确定的“重点工作攻坚年”，要实现第一个百年奋斗目标，为“十四五”发展打好基础，做好今年政府工作意义重大
04/05/2022 20:06:39 - INFO - 【相似度得分】:0.6094267387792011
【基准句】:主要预期目标是：地区生产总值增长6%左右；一般公共预算收入增长5%左右；规模以上工业增加值增长6%左右；固定资产投资增长3%左右；社会消费品零售总额增长4%左右；外贸进出口总值增幅达到全省平均水平；城镇居民、农村居民人均可支配收入分别增长6%左右、6.5%左右；城镇新增就业4.3万人，城镇登记失业率控制在4.5%以内；居民消费价格指数涨幅控制在3.5%左右
【参考句】:城镇居民、农村居民人均可支配收入预计分别增长7%和9.5%左右
04/05/2022 20:06:39 - INFO - 【相似度得分】:0.6642111641550715
【基准句】:节能减排降碳和环境改善任务全面完成
【参考句】:全面完成省下达的节能减排降碳约束性指标和环境质量改善目标
04/05/2022 20:06:40 - INFO - 【相似度得分】:0.673045157943656
【基准句】:实施科技企业梯次培育工程，突出抓好科技创新型企业50强培植，持续推动科技型中小企业发展壮大，新培育瞪羚企业10家、“专精特新”企业20家，新增高新技术企业30家
【参考句】:深入实施“智能化技改三年行动”，扎实做好专精特新小巨人、隐形冠军、瞪羚企业、独角兽企业培育，年内培育省级专精特新中小企业20家、隐形冠军企业10家
04/05/2022 20:06:40 - INFO - 【相似度得分】:0.7758098206022831
【基准句】:推动与北京大学、山东大学、东华大学、青岛大学、济南大学等高水平大学的产业协同创新，推进北航泰山科创园建设，实现高校产学研平台落户在泰安、成果转化在泰安的常态化
【参考句】:推动政府与北京大学、北京航空航天大学、山东大学等市外知名高校，以及山东农业大学、山东科技大学、山东第一医科大学、泰山学院等驻泰高校的高层次、多方位战略合作
04/05/2022 20:06:40 - INFO - 【相似度得分】:0.8160942667466479
【基准句】:深化“优才回引”，吸引泰安籍高校毕业生回乡就业创业
【参考句】:制定优惠政策，吸引泰安籍高校毕业生回乡就业创业
04/05/2022 20:06:40 - INFO - 【相似度得分】:0.6113934223827628
【基准句】:支持骨干企业做大做强，实施“链长制”，大力培植具有“链主”地位的领军企业
【参考句】:强化对本土企业支持，精准指导帮扶，突出百亿企业、“双50强”企业、规模企业、小微企业梯次培植，大力推动一批企业“小升规”“规改股”“股上市”，形成大企业“顶天立地”、小企业“铺天盖地”的局面
04/05/2022 20:06:40 - INFO - 【相似度得分】:0.6205444000674178
【基准句】:持续加大对“双50强”企业支持力度，工业领军企业50强营业收入增幅高于规上工业企业平均水平5%，科技创新型企业50强营业收入同比增长15%
【参考句】:抓好百亿潜力企业提档升级，50亿潜力企业聚力突破，推动120家小微工业企业升级为规模以上工业企业
04/05/2022 20:06:41 - INFO - 【相似度得分】:0.6378821621548075
【基准句】:健全完善“四个一批”调度制度，坚持清单化推进、目标化管理，加快建设石横特钢二期、正威泰安金属新材料产业园、泰安二期抽水蓄能电站、恒信高科能源二期、国泰大成新材料、泰山玻纤深加工等省、市重点项目；提升国家级新能源示范城市建设水平，推进国家级盐穴储气储能产业基地、省级液化天然气储备基地、华硕能源、华能泰安燃机热电等重大项目取得突破
【参考句】:康平纳筒子纱智能染色工厂一期、华岳智能出版、泰山·桃花源、振挺精工活塞、华能泰丰新能源光纤制造一期、泰安二期抽水蓄能电站6个项目纳入省重大项目，投资完成率、项目开工率均达100%
04/05/2022 20:06:41 - INFO - 【相似度得分】:0.6595178300212527
【基准句】:落实好重大投资项目“绿卡”制度，争取更多项目纳入新动能重大项目可视化督导服务平台，推动更多符合条件的项目列入国家盘子
【参考句】:强化项目建设，实施重大项目攻坚计划，完善重点建设项目管理、领导干部包保、调度督办、项目落地服务等机制，建立新动能重大项目可视化督导服务平台，落实“八个一”制度，强力推进项目建设落地见效
04/05/2022 20:06:42 - INFO - 【相似度得分】:0.6506264523193301
【基准句】:实施泰山文化保护传承工程，编制泰山世界文化遗产保护规划，加强非遗文化传承创新
【参考句】:编制《泰山文化保护传承发展总体规划》，实施文物保护“125工程”和乡村记忆工程
04/05/2022 20:06:42 - INFO - 【相似度得分】:0.6236095644623235
【基准句】:继续办好泰山国际文化论坛，提高泰山文化传播力、影响力
【参考句】:深化泰山国际文化论坛成果
04/05/2022 20:06:42 - INFO - 【相似度得分】:0.6246686885574905
【基准句】:加快泰山新闻出版小镇、华录文化大数据产业城、泰山石敢当文化园、泰山冰雪文体中心、演艺秀都等建设
【参考句】:深入实施旅游服务质量提升“四大工程”，全力创建全域旅游示范区，加快建设泰山佑、山高·泰山康乐谷、陕旅演艺秀都、泰山石敢当文化园、泰山四季乐园、红门广场等项目
04/05/2022 20:06:43 - INFO - 【相似度得分】:0.6908083950040844
【基准句】:新增市级以上现代农业产业园5家
【参考句】:加快乡村民宿、休闲渔家和康养基地建设，新增市级以上现代农业产业园10家，打造市级农业公园20家
04/05/2022 20:06:43 - INFO - 【相似度得分】:0.6825393634904257
【基准句】:实施农业龙头企业培育工程，规模以上农业龙头企业达到335家以上，年销售收入达到480亿元；新增市级以上合作社示范社60家、家庭农场示范场40家
【参考句】:全市规模以上农业龙头企业、农民专业合作社、家庭农场分别达到325家、8770家、4517家
04/05/2022 20:06:44 - INFO - 【相似度得分】:0.7116719533468643
【基准句】:实施新一轮农村人居环境整治行动，深化农村“七改”工程，推动农村改厕规范升级；完成65%以上行政村生活污水治理；实施“路长制”，改革农村公路、“三通”道路管理养护体制，新改建“四好农村路”400公里以上，推动“三通”工程向自然村延伸
【参考句】:坚持生态改善，深入实施农村人居环境整治三年行动，农村集中式生活垃圾处理覆盖率达到100%；564个村完成农村生活污水治理；改厕工作规范升级；1294个行政村实现“三通”，新改建“四好农村路”1054.4公里；新创建美丽村居省级试点村4个，新建美丽乡村155个
04/05/2022 20:06:44 - INFO - 【相似度得分】:0.6818952339930238
【基准句】:完善林长制，实施国土绿化攻坚行动，完成新造林1万亩
【参考句】:深入实施“绿满泰安”行动，落实好林长制，完成成片造林6万亩，新建农田林网5万亩，荒山绿化2万亩，廊道绿化200公里
04/05/2022 20:06:44 - INFO - 【相似度得分】:0.6864064729836442
【基准句】:落实《东平湖生态保护和高质量发展专项规划》，统筹推进东平湖综合治理
【参考句】:编制实施好《东平湖区域生态保护和高质量发展规划》
04/05/2022 20:06:45 - INFO - 【相似度得分】:0.7541107675795766
【基准句】:不断深化“放管服”改革，全面实行政府权责清单制度；加快行政审批服务流程再造，实施“互联网+政务服务”行动，擦亮“泰好办”高效政务服务品牌
【参考句】:推动“互联网+政务服务”，打造“泰好办”政务服务品牌，“泰好办”自助服务终端实现乡镇便民服务中心全覆盖
04/05/2022 20:06:46 - INFO - 【相似度得分】:0.8770580193070293
【基准句】:加大双招双引力度
【参考句】:（三）双招双引力度加大
04/05/2022 20:06:46 - INFO - 【相似度得分】:0.6167718672126741
【基准句】:积极参加中国国际进口博览会，办好泰山国际登山节投资合作洽谈会等展会活动，努力引进“双500强”企业和产业链引擎项目
【参考句】:强化招商引资，策划举办了泰安（深圳）投资合作洽谈会、泰安（北京）项目对接会、中国泰山第五届国际高洽会、泰山国际新闻出版合作大会、山东·泰山旅游商品与装备博览会、全国重点区域山东商会会长“泰山行”等活动，引进一批内资“十强”产业和交通基础设施项目
04/05/2022 20:06:47 - INFO - 【相似度得分】:0.6831663559055509
【基准句】:京台高速泰安至枣庄段建成通车，开工建设京台高速济南至泰安段改扩建、泰安至东平高速公路，积极配合做好鲁中、滨临、济济等铁路项目前期工作
【参考句】:着力抓好济泰高速、济南至枣庄旅游高铁泰安段、青兰高速莱芜至泰安段、董梁高速、泰安至东平高速等基础设施项目，提升区域互联互通水平，夯实动能转换交通基础支撑
04/05/2022 20:06:47 - INFO - 【相似度得分】:0.6788228329958349
【基准句】:加速老旧小区改造，年内改造老旧小区59个、开工改造棚户区2148套
【参考句】:老旧小区改造提升步伐加快，金山小区等10个项目改造完成，为老旧小区安装电梯31部
04/05/2022 20:06:47 - INFO - 【相似度得分】:0.6751356017927664
【基准句】:加快智慧城市建设，促进城市治理现代化
【参考句】:积极推进智慧城市建设，提升城市管理智慧化、精致化水平
04/05/2022 20:06:47 - INFO - 【相似度得分】:0.6986558193158477
【基准句】:加快徂汶净水厂、山口净水厂、西部热源项目建设，启动东部热源项目工程
【参考句】:推进徂汶景区净水厂、山口净水厂、王家院水库向泰城供水工程以及泰城西部热源项目一期、范镇调峰储气设施项目建设
04/05/2022 20:06:47 - INFO - 【相似度得分】:0.6646064103454531
【基准句】:坚持“文化润城”，积极实施古城区保护，推进文化街区更新，更好留住泰安“文化基因”
【参考句】:实施通天街、老县衙等古城区保护计划，留住泰安“文化基因”
04/05/2022 20:06:47 - INFO - 【相似度得分】:0.6517861419401113
【基准句】:巩固全国文明城市创建成果，全力迎接国家卫生城市复审
【参考句】:加大文明城市创建力度，在全国文明城市创建测评中，我市位居全省前列
04/05/2022 20:06:48 - INFO - 【相似度得分】:0.6418776906428285
【基准句】:加强就业创业服务平台载体建设，抓好高校毕业生、农民工等重点人员就业创业
【参考句】:开展职业技能提升行动，实施“一揽子”帮扶措施，突出抓好高校毕业生、失业人员、农民工、退役军人等重点群体就业，确保零就业家庭动态清零
04/05/2022 20:06:48 - INFO - 【相似度得分】:0.6095514542075675
【基准句】:实施学前教育优质普惠行动，新改扩建幼儿园17处，增加学前教育学位2800个
【参考句】:全面完成学前教育第三期行动计划，新改扩建幼儿园80处，整治城镇居住区配套幼儿园27处
04/05/2022 20:06:48 - INFO - 【相似度得分】:0.8944271909999159
【基准句】:健全完善社会保障体系
【参考句】:健全社会保障体系
04/05/2022 20:06:49 - INFO - 【相似度得分】:0.6708203932499369
【基准句】:提升医疗卫生服务能力
【参考句】:健全医疗卫生服务
04/05/2022 20:06:49 - INFO - 【相似度得分】:0.6976973621817717
【基准句】:加快推进市疾控中心能力提升改造项目、市中心医院分院（市传染病医院）扩建项目和市残疾人康复中心二期工程建设，启用市中心医院高新区院区
【参考句】:加快市中心医院高新区院区建设，启用市立医院、市口腔医院新院区，持续化解群众看病难问题
04/05/2022 20:06:49 - INFO - 【相似度得分】:0.8944271909999159
【基准句】:繁荣发展文化体育事业
【参考句】:发展文化体育事业
04/05/2022 20:06:50 - INFO - 【相似度得分】:0.6687338550904235
【基准句】:加强食品药品安全、特种设备安全监管
【参考句】:食品药品安全工作得到加强
04/05/2022 20:06:50 - INFO - 【相似度得分】:0.6611341351747627
【基准句】:深化“金安工程”和“金融风险化解攻坚行动”，持续深入开展“增信贷、降不良、打逃债、树诚信”专项行动
【参考句】:加强重点领域风险研判，深化“增信贷、降不良、打逃债、树诚信”专项行动，实现不良贷款、不良贷款率继续“双下降”，确保不发生区域性系统性金融风险
04/05/2022 20:06:51 - INFO - 【相似度得分】:0.6230559828490335
【基准句】:大力推进法治政府示范创建，开展年终述法工作
【参考句】:深化普法宣传教育，深入开展法治政府建设示范创建活动，争创国家级法治政府建设示范市
04/05/2022 20:06:51 - INFO - 【相似度得分】:0.686549863004084
【基准句】:主动接受人大法律监督、政协民主监督和社会舆论监督，认真听取民主党派、工商联、无党派人士和人民团体的意见
【参考句】:认真执行人大及其常委会各项决议决定，自觉接受人大工作监督、法律监督和政协民主监督，主动接受社会和舆论监督，认真做好人大代表建议、政协委员提案办理工作
04/05/2022 20:06:51 - INFO - 【相似度得分】:0.6000300022501875
【基准句】:持之以恒纠“四风”、转作风，力戒形式主义官僚主义，大力精简文件、会议，落实好“周一无来人、二三无会议”制度，持续为基层减负松绑
【参考句】:大力整治形式主义、官僚主义，行政规范性文件大幅精简，“三公”经费持续压减
04/05/2022 20:06:51 - INFO - 【相似度得分】:0.6582188333072255
【基准句】:坚定不移落实全面从严治党主体责任，强化政府系统党风廉政建设，严格履行“一岗双责”
【参考句】:始终坚持把纪律和规矩挺在前面，严格落实全面从严治党主体责任和党风廉政建设“一岗双责”，严格执行中央八项规定精神和廉洁从政各项规定，坚决压缩一般性支出，严格控制“三公”经费；坚决惩治各类腐败行为，严肃查处损害群众利益的突出问题，努力营造风清气正的良好政治生态
04/05/2022 20:06:51 - INFO - 【相似度得分】:0.8281723796053471
【基准句】:让我们更加紧密地团结在以习近平同志为核心的党中央周围，高举习近平新时代中国特色社会主义思想伟大旗帜，不忘初心、牢记使命，在中共泰安市委的坚强领导下，勇做新时代泰山“挑山工”，击鼓再奋战、整装再出发、再创新辉煌，携手向着第二个百年目标奋勇前进，为高水平建设新时代现代化强市努力奋斗，以优异成绩迎接建党100周年！
【参考句】:让我们更加紧密地团结在以习近平同志为核心的党中央周围，高举习近平新时代中国特色社会主义思想伟大旗帜，不忘初心、牢记使命，只争朝夕、不负韶华，在中共泰安市委的坚强领导下，与时间赛跑，用奋斗作答，同心同德干事业，攻坚克难抓落实，勇做新时代泰山“挑山工”，携手向着第一个百年目标奋勇前进，共创泰安更加美好的明天！
04/05/2022 20:06:51 - INFO - 【相似度得分】:1.0
【基准句】:来源：泰安市政府办公室
【参考句】:来源：泰安市政府办公室
04/05/2022 20:06:51 - INFO - 文档融合结果:[
    [
        "【2021年政府工作报告】政府工作报告——2021年1月25日在泰安市第十七届人民代表大会第六次会议上"
    ],
    [
        "市长张涛"
    ],
    [
        "各位代表："
    ],
    [
        "现在，我代表市人民政府向大会报告工作，请予审议，并请市政协委员和列席会议的同志提出意见"
    ],
    [
        "一、“十三五”时期及2020年工作回顾"
    ],
    [
        "“十三五”时期，面对错综复杂的国内外形势、艰巨繁重的改革发展稳定任务，特别是新冠肺炎疫情严重冲击，全市上下在中共泰安市委的坚强领导下，坚持以习近平新时代中国特色社会主义思想为指导，勇做新时代泰山“挑山工”，统筹推进“五位一体”总体布局，协调推进“四个全面”战略布局，牢牢把握稳中求进工作总基调，紧紧依靠全市人民，挑担不畏难、登山不畏险，坦途不歇脚、重压不歇肩，圆满完成了“十三五”规划主要目标任务"
    ],
    [
        "“十三五”末，全市地区生产总值达到2766.5亿元，年均增长5.8%，按可比价格计算，比2010年翻一番；一般公共预算收入达到229.2亿元，年均增长2.2%；实现社会消费品零售总额1022.4亿元，年均增长4.4%；金融机构存贷款余额分别达到4559.6亿元、3136.3亿元，年均分别增长13.7%、14.8%；城乡居民人均可支配收入达到30937元，比2010年翻一番"
    ],
    [
        "国家级高新技术企业总数达到369家，是“十二五”末的3.2倍"
    ],
    [
        "建设改造万官大街、博阳路、环山路东延等城市主干道，新建续建道路25条、71.6公里",
        "完成老旧小区改造4.71万户"
    ],
    [
        "“贴心代办、一次办好”改革不断深化，推出“带方案出让用地”审批服务新模式，工业新增用地项目实现“拿地即开工”，打响“泰好办”服务品牌，获评中国投资环境百佳城市、中国企业营商环境十佳城市",
        "全面完成国有企业“三供一业”分离移交",
        "全市实有市场主体达到49.3万户，比2015年增长81.4%",
        "“十三五”时期，完成进出口总值833.9亿元，年均增长8.4%；招商引资项目到位市外资金1842.3亿元；实际利用外资30亿美元，年均增长14.2%"
    ],
    [
        "泰山区域山水林田湖草生态保护修复工程成功入选全国试点，完成投资144.8亿元",
        "全面加强泰山石保护，彻底关闭取缔各类大型石头交易市场236处"
    ],
    [
        "累计实现城镇新增就业27.7万人，期末城镇登记失业率2.08%",
        "教育经费提高到110亿元，较“十二五”末增长45.5%，累计建设中小学校、幼儿园1111处，增长55.6%，泰安一中新校区、市特教中心建成投用，义务教育“大班额”全面消除",
        "建成全国首家慢病互联网医院",
        "在全省率先实现互联网医保线上支付，被确定为全国城市医联体建设试点市",
        "成功举办首届泰山国际文化论坛",
        "泰山国际登山比赛、泰山国际马拉松获评中国体育旅游精品赛事"
    ],
    [
        "2020年，地区生产总值增长3.5%；一般公共预算收入增长2%；固定资产投资增长2.9%；规模以上工业企业实现营业收入2137.1亿元，同比增长1.4%；存贷款余额分别增长11.4%、16.3%；进出口总值增长24.8%，实际利用外资增长109.9%"
    ],
    [
        "高新技术企业新增97家，国家级制造业单项冠军和绿色工厂分别达到15家、19家",
        "石横特钢产能置换一期、泰开智能制造、泰山玻纤七线八线、泰山石膏护面纸、恒信高科能源等一批重大产业项目建成投产，国泰大成、正威新材料、钜成集团LCOS芯片、泰山政法大数据产业园等一批项目落地建设",
        "吸引工商资本下乡395亿元，新增规模以上农业龙头企业6家、达到331家，其中国家级4家"
    ],
    [
        "深入落实人才“金十条”，累计兑现各类奖补资金2.36亿元",
        "引进培育产业领军人才100余人，培养实用技能人才6320人，新增来泰就业高校毕业生1.7万余人"
    ],
    [
        "援疆、与巫溪县对口扶贫协作工作取得明显成效",
        "编制实施《东平湖生态保护和高质量发展专项规划》，东平湖环境综合治理攻坚行动取得明显成效",
        "实施金融风险化解攻坚，深入开展“增信贷、降不良、打逃债、树诚信”专项行动，超前化解重点骨干工业企业和逾期欠息企业资金链风险，金融机构不良贷款、不良贷款率连续实现“双下降”"
    ],
    [
        "济泰高速、青兰高速、董梁高速等6个高速公路项目建成通车，新增通车里程190.6公里",
        "着力疏通城市堵点，打通擂鼓石大街、灵山大街、北上高大街、青年路南段等“断头路”“卡脖子路”，建成首条高架路——迎胜路南延工程，城市路网体系日益完善",
        "实施雨污分流改造工程，新建管网62.5公里，老旧管线非开挖清淤318公里；泮河等河道综合整治成效明显，城区黑臭水体基本消除"
    ],
    [
        "强化安全生产风险防控，安全生产形势持续平稳",
        "食品药品安全、国防动员、人民防空、退役军人、民族宗教、残疾人、工会、共青团、妇女儿童等事业取得新成绩"
    ],
    [
        "在市委的坚强领导下，巩固拓展“不忘初心、牢记使命”主题教育成果，政府系统党的建设全面加强",
        "持续推进政务公开，12345政务服务热线受理群众有效投诉84.96万件，按期办结率达到99.7%",
        "深入开展法治政府建设示范创建",
        "办理人大代表建议111件、政协提案265件，答复率均达100%",
        "切实加强政府廉政建设，严格落实中央八项规定精神，大力整治形式主义官僚主义，文件、会议进一步精简，“三公”经费同比压减34.9%，政风行风持续好转"
    ],
    [
        "各位代表！以上成绩的取得，是我们深入贯彻落实习近平新时代中国特色社会主义思想的结果，是市委坚强领导的结果，是市人大、市政协及社会各界有效监督和大力支持的结果，是全市人民解放思想、团结拼搏的结果，也是驻泰各单位和各界人士全力支持、自觉融入泰安经济社会发展的结果",
        "在此，我代表市人民政府，向全市广大干部群众、各民主党派、工商联、无党派人士，向驻泰人民解放军、武警官兵和中央、省驻泰单位，向关心支持泰安发展的港澳台同胞、海外侨胞及海内外朋友，向在这次伟大的抗疫斗争中，作出突出贡献的广大医务工作者和党员干部群众，向在创建全国文明城市中，作出积极贡献的泰城市民、广大志愿者和各行各业的干部职工，表示崇高敬意和衷心感谢！"
    ],
    [
        "在肯定成绩的同时，必须清醒地看到，当前疫情变化和外部环境存在诸多不确定性，我市经济恢复基础尚不牢固，还存在诸多困难和问题：对照先进地市，经济总量偏小、综合实力偏弱的市情还没有得到根本改变；对照高质量发展任务，“传统产业转型慢、新兴产业支撑弱”的产业现状还没有得到根本改变；对照全面深化改革目标，源头创新能力不强、服务效能不高、开放程度不深等方面问题还没有得到根本改变；对照“六保三促”要求，破解瓶颈制约力度不够问题还没有得到根本改变；对照人民期望要求，公共服务、基础设施等领域还存在短板弱项；民生保障和社会治理有待进一步加强；营商环境还需进一步优化；落实中央八项规定精神和干部队伍建设还有差距，等等",
        "对此，我们一定高度重视，采取有效措施，认真加以解决"
    ],
    [
        "我们要：高举中国特色社会主义伟大旗帜，深入贯彻党的十九大和十九届二中、三中、四中、五中全会精神，坚持以习近平新时代中国特色社会主义思想为指导，统筹推进“五位一体”总体布局，协调推进“四个全面”战略布局，坚定不移贯彻创新、协调、绿色、开放、共享的新发展理念，坚持稳中求进工作总基调，以推动高质量发展为主题，以深化供给侧结构性改革为主线，以改革创新为根本动力，以满足人民日益增长的美好生活需要为根本目的，主动融入新发展格局，加快培育现代产业体系，深入推进治理体系和治理能力现代化，勇做新时代泰山“挑山工”，为全面建设新时代现代化强市开好局、起好步"
    ],
    [
        "综合实力显著增强、发展质效大幅提升、发展活力充分释放、改革开放持续深化、生态环境更加优美、治理效能明显提高、人民生活更加富足，在新材料和装备制造、生态建设、文化旅游、高端康养、科技教育、区域交通、治理效能等方面走在全省前列，努力建成产业高地、生态绿地、文旅胜地、康养福地、科创名地"
    ],
    [
        "“山水圣人”中华文化枢轴、大泰山文化旅游圈等文旅协同合作取得重大进展，“山城一体、全域布局、文旅相长、宜融尽融”的文旅深度融合格局基本形成，高品质公共文化产品和服务供给能力明显增强，打造彰显泰山魅力的国际文旅胜地"
    ],
    [
        "各位代表！做好“十四五”工作，实现上述预期目标，我们要在市委的坚强领导下，坚持好“五个原则”，不断提升促进发展的能力和水平",
        "四是必须坚持深化改革开放"
    ],
    [
        "三、2021年政府重点工作"
    ],
    [
        "今年是“十四五”规划开局之年，是“两个百年”目标交汇与转换之年，是我市开启新时代现代化强市建设新征程的关键一年，做好今年工作意义重大"
    ],
    [
        "主要预期目标是：地区生产总值增长6%左右；一般公共预算收入增长5%左右；规模以上工业增加值增长6%左右；固定资产投资增长3%左右；社会消费品零售总额增长4%左右；外贸进出口总值增幅达到全省平均水平；城镇居民、农村居民人均可支配收入分别增长6%左右、6.5%左右；城镇新增就业4.3万人，城镇登记失业率控制在4.5%以内；居民消费价格指数涨幅控制在3.5%左右",
        "节能减排降碳和环境改善任务全面完成"
    ],
    [
        "实施科技企业梯次培育工程，突出抓好科技创新型企业50强培植，持续推动科技型中小企业发展壮大，新培育瞪羚企业10家、“专精特新”企业20家，新增高新技术企业30家"
    ],
    [
        "推动与北京大学、山东大学、东华大学、青岛大学、济南大学等高水平大学的产业协同创新，推进北航泰山科创园建设，实现高校产学研平台落户在泰安、成果转化在泰安的常态化",
        "深化“优才回引”，吸引泰安籍高校毕业生回乡就业创业"
    ],
    [
        "支持骨干企业做大做强，实施“链长制”，大力培植具有“链主”地位的领军企业",
        "持续加大对“双50强”企业支持力度，工业领军企业50强营业收入增幅高于规上工业企业平均水平5%，科技创新型企业50强营业收入同比增长15%"
    ],
    [
        "健全完善“四个一批”调度制度，坚持清单化推进、目标化管理，加快建设石横特钢二期、正威泰安金属新材料产业园、泰安二期抽水蓄能电站、恒信高科能源二期、国泰大成新材料、泰山玻纤深加工等省、市重点项目；提升国家级新能源示范城市建设水平，推进国家级盐穴储气储能产业基地、省级液化天然气储备基地、华硕能源、华能泰安燃机热电等重大项目取得突破",
        "落实好重大投资项目“绿卡”制度，争取更多项目纳入新动能重大项目可视化督导服务平台，推动更多符合条件的项目列入国家盘子"
    ],
    [
        "实施泰山文化保护传承工程，编制泰山世界文化遗产保护规划，加强非遗文化传承创新",
        "继续办好泰山国际文化论坛，提高泰山文化传播力、影响力"
    ],
    [
        "加快泰山新闻出版小镇、华录文化大数据产业城、泰山石敢当文化园、泰山冰雪文体中心、演艺秀都等建设"
    ],
    [
        "新增市级以上现代农业产业园5家",
        "实施农业龙头企业培育工程，规模以上农业龙头企业达到335家以上，年销售收入达到480亿元；新增市级以上合作社示范社60家、家庭农场示范场40家"
    ],
    [
        "实施新一轮农村人居环境整治行动，深化农村“七改”工程，推动农村改厕规范升级；完成65%以上行政村生活污水治理；实施“路长制”，改革农村公路、“三通”道路管理养护体制，新改建“四好农村路”400公里以上，推动“三通”工程向自然村延伸"
    ],
    [
        "完善林长制，实施国土绿化攻坚行动，完成新造林1万亩",
        "落实《东平湖生态保护和高质量发展专项规划》，统筹推进东平湖综合治理"
    ],
    [
        "不断深化“放管服”改革，全面实行政府权责清单制度；加快行政审批服务流程再造，实施“互联网+政务服务”行动，擦亮“泰好办”高效政务服务品牌"
    ],
    [
        "加大双招双引力度",
        "积极参加中国国际进口博览会，办好泰山国际登山节投资合作洽谈会等展会活动，努力引进“双500强”企业和产业链引擎项目"
    ],
    [
        "京台高速泰安至枣庄段建成通车，开工建设京台高速济南至泰安段改扩建、泰安至东平高速公路，积极配合做好鲁中、滨临、济济等铁路项目前期工作"
    ],
    [
        "加速老旧小区改造，年内改造老旧小区59个、开工改造棚户区2148套"
    ],
    [
        "加快智慧城市建设，促进城市治理现代化",
        "加快徂汶净水厂、山口净水厂、西部热源项目建设，启动东部热源项目工程",
        "坚持“文化润城”，积极实施古城区保护，推进文化街区更新，更好留住泰安“文化基因”",
        "巩固全国文明城市创建成果，全力迎接国家卫生城市复审"
    ],
    [
        "加强就业创业服务平台载体建设，抓好高校毕业生、农民工等重点人员就业创业"
    ],
    [
        "实施学前教育优质普惠行动，新改扩建幼儿园17处，增加学前教育学位2800个"
    ],
    [
        "健全完善社会保障体系"
    ],
    [
        "提升医疗卫生服务能力",
        "加快推进市疾控中心能力提升改造项目、市中心医院分院（市传染病医院）扩建项目和市残疾人康复中心二期工程建设，启用市中心医院高新区院区"
    ],
    [
        "繁荣发展文化体育事业"
    ],
    [
        "加强食品药品安全、特种设备安全监管",
        "深化“金安工程”和“金融风险化解攻坚行动”，持续深入开展“增信贷、降不良、打逃债、树诚信”专项行动"
    ],
    [
        "大力推进法治政府示范创建，开展年终述法工作",
        "主动接受人大法律监督、政协民主监督和社会舆论监督，认真听取民主党派、工商联、无党派人士和人民团体的意见",
        "持之以恒纠“四风”、转作风，力戒形式主义官僚主义，大力精简文件、会议，落实好“周一无来人、二三无会议”制度，持续为基层减负松绑",
        "坚定不移落实全面从严治党主体责任，强化政府系统党风廉政建设，严格履行“一岗双责”"
    ],
    [
        "让我们更加紧密地团结在以习近平同志为核心的党中央周围，高举习近平新时代中国特色社会主义思想伟大旗帜，不忘初心、牢记使命，在中共泰安市委的坚强领导下，勇做新时代泰山“挑山工”，击鼓再奋战、整装再出发、再创新辉煌，携手向着第二个百年目标奋勇前进，为高水平建设新时代现代化强市努力奋斗，以优异成绩迎接建党100周年！"
    ],
    [
        "来源：泰安市政府办公室"
    ]
]
04/05/2022 20:06:51 - INFO - 文档融合完成
04/05/2022 20:06:52 - INFO - 句子学习结果:{
    "sentences": [
        [
            "【<_param1_>政府工作报告】政府工作报告——<_param2_>在泰安市<_param3_>人民代表大会<_param4_>会议上"
        ],
        [
            "市长张涛"
        ],
        [
            "各位代表："
        ],
        [
            "现在，我代表市人民政府向大会报告工作，请予审议，并请市政协委员和列席会议的同志提出意见"
        ],
        [
            "一、“十三五”时期及<_param5_>工作回顾"
        ],
        [
            "“十三五”时期，面对错综复杂的国内外形势、艰巨繁重的改革发展稳定任务，特别是新冠肺炎疫情严重冲击，全市上下在中共泰安市委的坚强领导下，坚持以习近平新时代中国特色社会主义思想为指导，勇做新时代泰山“挑山工”，统筹推进“五位一体”总体布局，协调推进“四个全面”战略布局，牢牢把握稳中求进工作总基调，紧紧依靠全市人民，挑担不畏难、登山不畏险，坦途不歇脚、重压不歇肩，圆满完成了“十三五”规划主要目标任务"
        ],
        [
            "“十三五”末，全市地区生产总值达到<_param6_>，年均增长<_param7_>，按可比价格计算，比<_param8_>翻一番；一般公共预算收入达到<_param9_>，年均增长<_param10_>；实现社会消费品零售总额<_param11_>，年均增长<_param12_>；金融机构存贷款余额分别达到<_param13_>、<_param14_>，年均分别增长<_param15_>、<_param16_>；城乡居民人均可支配收入达到<_param17_>，比<_param8_>翻一番"
        ],
        [
            "国家级高新技术企业总数达到<_param18_>，是“十二五”末的<_param19_>"
        ],
        [
            "建设改造万官大街、博阳路、环山路东延等城市主干道，新建续建道路<_param20_>、<_param21_>",
            "完成老旧小区改造<_param22_>"
        ],
        [
            "“贴心代办、一次办好”改革不断深化，推出“带方案出让用地”审批服务新模式，工业新增用地项目实现“拿地即开工”，打响“泰好办”服务品牌，获评中国投资环境百佳城市、中国企业营商环境十佳城市",
            "全面完成国有企业“三供一业”分离移交",
            "全市实有市场主体达到<_param23_>，比<_param24_>增长<_param25_>",
            "“十三五”时期，完成进出口总值<_param26_>，年均增长<_param27_>；招商引资项目到位市外资金<_param28_>；实际利用外资<_param29_>，年均增长<_param30_>"
        ],
        [
            "泰山区域山水林田湖草生态保护修复工程成功入选全国试点，完成投资<_param31_>",
            "全面加强泰山石保护，彻底关闭取缔各类大型石头交易市场<_param32_>"
        ],
        [
            "累计实现城镇新增就业<_param33_>万人，期末城镇登记失业率<_param34_>",
            "教育经费提高到<_param35_>，较“十二五”末增长<_param36_>，累计建设中小学校、幼儿园<_param37_>，增长<_param38_>，泰安一中新校区、市特教中心建成投用，义务教育“大班额”全面消除",
            "建成全国首家慢病互联网医院",
            "在全省率先实现互联网医保线上支付，被确定为全国城市医联体建设试点市",
            "成功举办首届泰山国际文化论坛",
            "泰山国际登山比赛、泰山国际马拉松获评中国体育旅游精品赛事"
        ],
        [
            "<_param5_>，地区生产总值增长<_param39_>；一般公共预算收入增长<_param40_>；固定资产投资增长<_param41_>；规模以上工业企业实现营业收入<_param42_>，同比增长<_param43_>；存贷款余额分别增长<_param44_>、<_param45_>；进出口总值增长<_param46_>，实际利用外资增长<_param47_>"
        ],
        [
            "高新技术企业新增<_param48_>，国家级制造业单项冠军和绿色工厂分别达到<_param49_>、<_param50_>",
            "石横特钢产能置换一期、泰开智能制造、泰山玻纤七线八线、泰山石膏护面纸、恒信高科能源等一批重大产业项目建成投产，国泰大成、正威新材料、钜成集团LCOS芯片、泰山政法大数据产业园等一批项目落地建设",
            "吸引工商资本下乡<_param51_>，新增规模以上农业龙头企业<_param52_>、达到<_param53_>，其中国家级<_param54_>"
        ],
        [
            "深入落实人才“金十条”，累计兑现各类奖补资金<_param55_>",
            "引进培育产业领军人才<_param56_>人，培养实用技能人才<_param57_>人，新增来泰就业高校毕业生<_param58_>人"
        ],
        [
            "援疆、与巫溪县对口扶贫协作工作取得明显成效",
            "编制实施《东平湖生态保护和高质量发展专项规划》，东平湖环境综合治理攻坚行动取得明显成效",
            "实施金融风险化解攻坚，深入开展“增信贷、降不良、打逃债、树诚信”专项行动，超前化解重点骨干工业企业和逾期欠息企业资金链风险，金融机构不良贷款、不良贷款率连续实现“双下降”"
        ],
        [
            "济泰高速、青兰高速、董梁高速等<_param59_>高速公路项目建成通车，新增通车里程<_param60_>",
            "着力疏通城市堵点，打通擂鼓石大街、灵山大街、北上高大街、青年路南段等“断头路”“卡脖子路”，建成首条高架路——迎胜路南延工程，城市路网体系日益完善",
            "实施雨污分流改造工程，新建管网<_param61_>，老旧管线非开挖清淤<_param62_>；泮河等河道综合整治成效明显，城区黑臭水体基本消除"
        ],
        [
            "强化安全生产风险防控，安全生产形势持续平稳",
            "食品药品安全、国防动员、人民防空、退役军人、民族宗教、残疾人、工会、共青团、妇女儿童等事业取得新成绩"
        ],
        [
            "在市委的坚强领导下，巩固拓展“不忘初心、牢记使命”主题教育成果，政府系统党的建设全面加强",
            "持续推进政务公开，<_param63_>政务服务热线受理群众有效投诉<_param64_>，按期办结率达到<_param65_>",
            "深入开展法治政府建设示范创建",
            "办理人大代表建议<_param66_>、政协提案<_param67_>，答复率均达<_param68_>",
            "切实加强政府廉政建设，严格落实中央八项规定精神，大力整治形式主义官僚主义，文件、会议进一步精简，“三公”经费同比压减<_param69_>，政风行风持续好转"
        ],
        [
            "各位代表！以上成绩的取得，是我们深入贯彻落实习近平新时代中国特色社会主义思想的结果，是市委坚强领导的结果，是市人大、市政协及社会各界有效监督和大力支持的结果，是全市人民解放思想、团结拼搏的结果，也是驻泰各单位和各界人士全力支持、自觉融入泰安经济社会发展的结果",
            "在此，我代表市人民政府，向全市广大干部群众、各民主党派、工商联、无党派人士，向驻泰人民解放军、武警官兵和中央、省驻泰单位，向关心支持泰安发展的港澳台同胞、海外侨胞及海内外朋友，向在这次伟大的抗疫斗争中，作出突出贡献的广大医务工作者和党员干部群众，向在创建全国文明城市中，作出积极贡献的泰城市民、广大志愿者和各行各业的干部职工，表示崇高敬意和衷心感谢！"
        ],
        [
            "在肯定成绩的同时，必须清醒地看到，当前疫情变化和外部环境存在诸多不确定性，我市经济恢复基础尚不牢固，还存在诸多困难和问题：对照先进地市，经济总量偏小、综合实力偏弱的市情还没有得到根本改变；对照高质量发展任务，“传统产业转型慢、新兴产业支撑弱”的产业现状还没有得到根本改变；对照全面深化改革目标，源头创新能力不强、服务效能不高、开放程度不深等方面问题还没有得到根本改变；对照“六保三促”要求，破解瓶颈制约力度不够问题还没有得到根本改变；对照人民期望要求，公共服务、基础设施等领域还存在短板弱项；民生保障和社会治理有待进一步加强；营商环境还需进一步优化；落实中央八项规定精神和干部队伍建设还有差距，等等",
            "对此，我们一定高度重视，采取有效措施，认真加以解决"
        ],
        [
            "我们要：高举中国特色社会主义伟大旗帜，深入贯彻党的十九大和十九届二中、三中、四中、五中全会精神，坚持以习近平新时代中国特色社会主义思想为指导，统筹推进“五位一体”总体布局，协调推进“四个全面”战略布局，坚定不移贯彻创新、协调、绿色、开放、共享的新发展理念，坚持稳中求进工作总基调，以推动高质量发展为主题，以深化供给侧结构性改革为主线，以改革创新为根本动力，以满足人民日益增长的美好生活需要为根本目的，主动融入新发展格局，加快培育现代产业体系，深入推进治理体系和治理能力现代化，勇做新时代泰山“挑山工”，为全面建设新时代现代化强市开好局、起好步"
        ],
        [
            "综合实力显著增强、发展质效大幅提升、发展活力充分释放、改革开放持续深化、生态环境更加优美、治理效能明显提高、人民生活更加富足，在新材料和装备制造、生态建设、文化旅游、高端康养、科技教育、区域交通、治理效能等方面走在全省前列，努力建成产业高地、生态绿地、文旅胜地、康养福地、科创名地"
        ],
        [
            "“山水圣人”中华文化枢轴、大泰山文化旅游圈等文旅协同合作取得重大进展，“山城一体、全域布局、文旅相长、宜融尽融”的文旅深度融合格局基本形成，高品质公共文化产品和服务供给能力明显增强，打造彰显泰山魅力的国际文旅胜地"
        ],
        [
            "各位代表！做好“十四五”工作，实现上述预期目标，我们要在市委的坚强领导下，坚持好“五个原则”，不断提升促进发展的能力和水平",
            "四是必须坚持深化改革开放"
        ],
        [
            "三、<_param1_>政府重点工作"
        ],
        [
            "今年是“十四五”规划开局之年，是“两个百年”目标交汇与转换之年，是我市开启新时代现代化强市建设新征程的关键一年，做好今年工作意义重大"
        ],
        [
            "主要预期目标是：地区生产总值增长<_param70_>左右；一般公共预算收入增长<_param71_>左右；规模以上工业增加值增长<_param70_>左右；固定资产投资增长<_param72_>左右；社会消费品零售总额增长<_param73_>左右；外贸进出口总值增幅达到全省平均水平；城镇居民、农村居民人均可支配收入分别增长<_param70_>左右、<_param74_>左右；城镇新增就业<_param75_>万人，城镇登记失业率控制在<_param76_>以内；居民消费价格指数涨幅控制在<_param39_>左右",
            "节能减排降碳和环境改善任务全面完成"
        ],
        [
            "实施科技企业梯次培育工程，突出抓好科技创新型企业<_param77_>强培植，持续推动科技型中小企业发展壮大，新培育瞪羚企业<_param78_>、“专精特新”企业<_param79_>，新增高新技术企业<_param80_>"
        ],
        [
            "推动与北京大学、山东大学、东华大学、青岛大学、济南大学等高水平大学的产业协同创新，推进北航泰山科创园建设，实现高校产学研平台落户在泰安、成果转化在泰安的常态化",
            "深化“优才回引”，吸引泰安籍高校毕业生回乡就业创业"
        ],
        [
            "支持骨干企业做大做强，实施“链长制”，大力培植具有“链主”地位的领军企业",
            "持续加大对“双50强”企业支持力度，工业领军企业<_param77_>强营业收入增幅高于规上工业企业平均水平<_param71_>，科技创新型企业<_param77_>强营业收入同比增长<_param81_>"
        ],
        [
            "健全完善“四个一批”调度制度，坚持清单化推进、目标化管理，加快建设石横特钢二期、正威泰安金属新材料产业园、泰安二期抽水蓄能电站、恒信高科能源二期、国泰大成新材料、泰山玻纤深加工等省、市重点项目；提升国家级新能源示范城市建设水平，推进国家级盐穴储气储能产业基地、省级液化天然气储备基地、华硕能源、华能泰安燃机热电等重大项目取得突破",
            "落实好重大投资项目“绿卡”制度，争取更多项目纳入新动能重大项目可视化督导服务平台，推动更多符合条件的项目列入国家盘子"
        ],
        [
            "实施泰山文化保护传承工程，编制泰山世界文化遗产保护规划，加强非遗文化传承创新",
            "继续办好泰山国际文化论坛，提高泰山文化传播力、影响力"
        ],
        [
            "加快泰山新闻出版小镇、华录文化大数据产业城、泰山石敢当文化园、泰山冰雪文体中心、演艺秀都等建设"
        ],
        [
            "新增市级以上现代农业产业园<_param82_>",
            "实施农业龙头企业培育工程，规模以上农业龙头企业达到<_param83_>以上，年销售收入达到<_param84_>；新增市级以上合作社示范社<_param85_>、家庭农场示范场<_param86_>"
        ],
        [
            "实施新一轮农村人居环境整治行动，深化农村“七改”工程，推动农村改厕规范升级；完成<_param87_>以上行政村生活污水治理；实施“路长制”，改革农村公路、“三通”道路管理养护体制，新改建“四好农村路”<_param88_>以上，推动“三通”工程向自然村延伸"
        ],
        [
            "完善林长制，实施国土绿化攻坚行动，完成新造林<_param89_>",
            "落实《东平湖生态保护和高质量发展专项规划》，统筹推进东平湖综合治理"
        ],
        [
            "不断深化“放管服”改革，全面实行政府权责清单制度；加快行政审批服务流程再造，实施“互联网+政务服务”行动，擦亮“泰好办”高效政务服务品牌"
        ],
        [
            "加大双招双引力度",
            "积极参加中国国际进口博览会，办好泰山国际登山节投资合作洽谈会等展会活动，努力引进“双500强”企业和产业链引擎项目"
        ],
        [
            "京台高速泰安至枣庄段建成通车，开工建设京台高速济南至泰安段改扩建、泰安至东平高速公路，积极配合做好鲁中、滨临、济济等铁路项目前期工作"
        ],
        [
            "加速老旧小区改造，年内改造老旧小区<_param90_>、开工改造棚户区<_param91_>"
        ],
        [
            "加快智慧城市建设，促进城市治理现代化",
            "加快徂汶净水厂、山口净水厂、西部热源项目建设，启动东部热源项目工程",
            "坚持“文化润城”，积极实施古城区保护，推进文化街区更新，更好留住泰安“文化基因”",
            "巩固全国文明城市创建成果，全力迎接国家卫生城市复审"
        ],
        [
            "加强就业创业服务平台载体建设，抓好高校毕业生、农民工等重点人员就业创业"
        ],
        [
            "实施学前教育优质普惠行动，新改扩建幼儿园<_param92_>，增加学前教育学位<_param93_>"
        ],
        [
            "健全完善社会保障体系"
        ],
        [
            "提升医疗卫生服务能力",
            "加快推进市疾控中心能力提升改造项目、市中心医院分院（市传染病医院）扩建项目和市残疾人康复中心二期工程建设，启用市中心医院高新区院区"
        ],
        [
            "繁荣发展文化体育事业"
        ],
        [
            "加强食品药品安全、特种设备安全监管",
            "深化“金安工程”和“金融风险化解攻坚行动”，持续深入开展“增信贷、降不良、打逃债、树诚信”专项行动"
        ],
        [
            "大力推进法治政府示范创建，开展年终述法工作",
            "主动接受人大法律监督、政协民主监督和社会舆论监督，认真听取民主党派、工商联、无党派人士和人民团体的意见",
            "持之以恒纠“四风”、转作风，力戒形式主义官僚主义，大力精简文件、会议，落实好“周一无来人、二三无会议”制度，持续为基层减负松绑",
            "坚定不移落实全面从严治党主体责任，强化政府系统党风廉政建设，严格履行“一岗双责”"
        ],
        [
            "让我们更加紧密地团结在以习近平同志为核心的党中央周围，高举习近平新时代中国特色社会主义思想伟大旗帜，不忘初心、牢记使命，在中共泰安市委的坚强领导下，勇做新时代泰山“挑山工”，击鼓再奋战、整装再出发、再创新辉煌，携手向着第二个百年目标奋勇前进，为高水平建设新时代现代化强市努力奋斗，以优异成绩迎接建党<_param94_>！"
        ],
        [
            "来源：泰安市政府办公室"
        ]
    ],
    "params": [
        {
            "name": "<_param1_>",
            "value": "2021年",
            "freq": 2
        },
        {
            "name": "<_param2_>",
            "value": "2021年1月25日",
            "freq": 1
        },
        {
            "name": "<_param3_>",
            "value": "第十七届",
            "freq": 1
        },
        {
            "name": "<_param4_>",
            "value": "第六次",
            "freq": 1
        },
        {
            "name": "<_param5_>",
            "value": "2020年",
            "freq": 2
        },
        {
            "name": "<_param6_>",
            "value": "2766.5亿元",
            "freq": 1
        },
        {
            "name": "<_param7_>",
            "value": "5.8%",
            "freq": 1
        },
        {
            "name": "<_param8_>",
            "value": "2010年",
            "freq": 2
        },
        {
            "name": "<_param9_>",
            "value": "229.2亿元",
            "freq": 1
        },
        {
            "name": "<_param10_>",
            "value": "2.2%",
            "freq": 1
        },
        {
            "name": "<_param11_>",
            "value": "1022.4亿元",
            "freq": 1
        },
        {
            "name": "<_param12_>",
            "value": "4.4%",
            "freq": 1
        },
        {
            "name": "<_param13_>",
            "value": "4559.6亿元",
            "freq": 1
        },
        {
            "name": "<_param14_>",
            "value": "3136.3亿元",
            "freq": 1
        },
        {
            "name": "<_param15_>",
            "value": "13.7%",
            "freq": 1
        },
        {
            "name": "<_param16_>",
            "value": "14.8%",
            "freq": 1
        },
        {
            "name": "<_param17_>",
            "value": "30937元",
            "freq": 1
        },
        {
            "name": "<_param18_>",
            "value": "369家",
            "freq": 1
        },
        {
            "name": "<_param19_>",
            "value": "3.2倍",
            "freq": 1
        },
        {
            "name": "<_param20_>",
            "value": "25条",
            "freq": 1
        },
        {
            "name": "<_param21_>",
            "value": "71.6公里",
            "freq": 1
        },
        {
            "name": "<_param22_>",
            "value": "4.71万户",
            "freq": 1
        },
        {
            "name": "<_param23_>",
            "value": "49.3万户",
            "freq": 1
        },
        {
            "name": "<_param24_>",
            "value": "2015年",
            "freq": 1
        },
        {
            "name": "<_param25_>",
            "value": "81.4%",
            "freq": 1
        },
        {
            "name": "<_param26_>",
            "value": "833.9亿元",
            "freq": 1
        },
        {
            "name": "<_param27_>",
            "value": "8.4%",
            "freq": 1
        },
        {
            "name": "<_param28_>",
            "value": "1842.3亿元",
            "freq": 1
        },
        {
            "name": "<_param29_>",
            "value": "30亿美元",
            "freq": 1
        },
        {
            "name": "<_param30_>",
            "value": "14.2%",
            "freq": 1
        },
        {
            "name": "<_param31_>",
            "value": "144.8亿元",
            "freq": 1
        },
        {
            "name": "<_param32_>",
            "value": "236处",
            "freq": 1
        },
        {
            "name": "<_param33_>",
            "value": "27.7",
            "freq": 1
        },
        {
            "name": "<_param34_>",
            "value": "2.08%",
            "freq": 1
        },
        {
            "name": "<_param35_>",
            "value": "110亿元",
            "freq": 1
        },
        {
            "name": "<_param36_>",
            "value": "45.5%",
            "freq": 1
        },
        {
            "name": "<_param37_>",
            "value": "1111处",
            "freq": 1
        },
        {
            "name": "<_param38_>",
            "value": "55.6%",
            "freq": 1
        },
        {
            "name": "<_param39_>",
            "value": "3.5%",
            "freq": 2
        },
        {
            "name": "<_param40_>",
            "value": "2%",
            "freq": 1
        },
        {
            "name": "<_param41_>",
            "value": "2.9%",
            "freq": 1
        },
        {
            "name": "<_param42_>",
            "value": "2137.1亿元",
            "freq": 1
        },
        {
            "name": "<_param43_>",
            "value": "1.4%",
            "freq": 1
        },
        {
            "name": "<_param44_>",
            "value": "11.4%",
            "freq": 1
        },
        {
            "name": "<_param45_>",
            "value": "16.3%",
            "freq": 1
        },
        {
            "name": "<_param46_>",
            "value": "24.8%",
            "freq": 1
        },
        {
            "name": "<_param47_>",
            "value": "109.9%",
            "freq": 1
        },
        {
            "name": "<_param48_>",
            "value": "97家",
            "freq": 1
        },
        {
            "name": "<_param49_>",
            "value": "15家",
            "freq": 1
        },
        {
            "name": "<_param50_>",
            "value": "19家",
            "freq": 1
        },
        {
            "name": "<_param51_>",
            "value": "395亿元",
            "freq": 1
        },
        {
            "name": "<_param52_>",
            "value": "6家",
            "freq": 1
        },
        {
            "name": "<_param53_>",
            "value": "331家",
            "freq": 1
        },
        {
            "name": "<_param54_>",
            "value": "4家",
            "freq": 1
        },
        {
            "name": "<_param55_>",
            "value": "2.36亿元",
            "freq": 1
        },
        {
            "name": "<_param56_>",
            "value": "100余",
            "freq": 1
        },
        {
            "name": "<_param57_>",
            "value": "6320",
            "freq": 1
        },
        {
            "name": "<_param58_>",
            "value": "1.7万余",
            "freq": 1
        },
        {
            "name": "<_param59_>",
            "value": "6个",
            "freq": 1
        },
        {
            "name": "<_param60_>",
            "value": "190.6公里",
            "freq": 1
        },
        {
            "name": "<_param61_>",
            "value": "62.5公里",
            "freq": 1
        },
        {
            "name": "<_param62_>",
            "value": "318公里",
            "freq": 1
        },
        {
            "name": "<_param63_>",
            "value": "12345",
            "freq": 1
        },
        {
            "name": "<_param64_>",
            "value": "84.96万件",
            "freq": 1
        },
        {
            "name": "<_param65_>",
            "value": "99.7%",
            "freq": 1
        },
        {
            "name": "<_param66_>",
            "value": "111件",
            "freq": 1
        },
        {
            "name": "<_param67_>",
            "value": "265件",
            "freq": 1
        },
        {
            "name": "<_param68_>",
            "value": "100%",
            "freq": 1
        },
        {
            "name": "<_param69_>",
            "value": "34.9%",
            "freq": 1
        },
        {
            "name": "<_param70_>",
            "value": "6%",
            "freq": 3
        },
        {
            "name": "<_param71_>",
            "value": "5%",
            "freq": 2
        },
        {
            "name": "<_param72_>",
            "value": "3%",
            "freq": 1
        },
        {
            "name": "<_param73_>",
            "value": "4%",
            "freq": 1
        },
        {
            "name": "<_param74_>",
            "value": "6.5%",
            "freq": 1
        },
        {
            "name": "<_param75_>",
            "value": "4.3",
            "freq": 1
        },
        {
            "name": "<_param76_>",
            "value": "4.5%",
            "freq": 1
        },
        {
            "name": "<_param77_>",
            "value": "50",
            "freq": 3
        },
        {
            "name": "<_param78_>",
            "value": "10家",
            "freq": 1
        },
        {
            "name": "<_param79_>",
            "value": "20家",
            "freq": 1
        },
        {
            "name": "<_param80_>",
            "value": "30家",
            "freq": 1
        },
        {
            "name": "<_param81_>",
            "value": "15%",
            "freq": 1
        },
        {
            "name": "<_param82_>",
            "value": "5家",
            "freq": 1
        },
        {
            "name": "<_param83_>",
            "value": "335家",
            "freq": 1
        },
        {
            "name": "<_param84_>",
            "value": "480亿元",
            "freq": 1
        },
        {
            "name": "<_param85_>",
            "value": "60家",
            "freq": 1
        },
        {
            "name": "<_param86_>",
            "value": "40家",
            "freq": 1
        },
        {
            "name": "<_param87_>",
            "value": "65%",
            "freq": 1
        },
        {
            "name": "<_param88_>",
            "value": "400公里",
            "freq": 1
        },
        {
            "name": "<_param89_>",
            "value": "1万亩",
            "freq": 1
        },
        {
            "name": "<_param90_>",
            "value": "59个",
            "freq": 1
        },
        {
            "name": "<_param91_>",
            "value": "2148套",
            "freq": 1
        },
        {
            "name": "<_param92_>",
            "value": "17处",
            "freq": 1
        },
        {
            "name": "<_param93_>",
            "value": "2800个",
            "freq": 1
        },
        {
            "name": "<_param94_>",
            "value": "100周年",
            "freq": 1
        }
    ]
}
04/05/2022 20:06:52 - INFO - 句子学习完成
04/05/2022 20:06:52 - INFO - 篇章学习结果:{
    "title": "【<_param1_>政府工作报告】政府工作报告——<_param2_>在泰安市<_param3_>人民代表大会<_param4_>会议上",
    "level": 0,
    "ending": [
        "来源：泰安市政府办公室"
    ],
    "openning": [
        "市长张涛",
        "各位代表：",
        "现在，我代表市人民政府向大会报告工作，请予审议，并请市政协委员和列席会议的同志提出意见"
    ],
    "child": [
        {
            "title": "(1级标题)“十三五”时期及<_param5_>工作回顾",
            "level": 1,
            "paragraphs": [
                "“十三五”时期，面对错综复杂的国内外形势、艰巨繁重的改革发展稳定任务，特别是新冠肺炎疫情严重冲击，全市上下在中共泰安市委的坚强领导下，坚持以习近平新时代中国特色社会主义思想为指导，勇做新时代泰山“挑山工”，统筹推进“五位一体”总体布局，协调推进“四个全面”战略布局，牢牢把握稳中求进工作总基调，紧紧依靠全市人民，挑担不畏难、登山不畏险，坦途不歇脚、重压不歇肩，圆满完成了“十三五”规划主要目标任务",
                "“十三五”末，全市地区生产总值达到<_param6_>，年均增长<_param7_>，按可比价格计算，比<_param8_>翻一番；一般公共预算收入达到<_param9_>，年均增长<_param10_>；实现社会消费品零售总额<_param11_>，年均增长<_param12_>；金融机构存贷款余额分别达到<_param13_>、<_param14_>，年均分别增长<_param15_>、<_param16_>；城乡居民人均可支配收入达到<_param17_>，比<_param8_>翻一番",
                "国家级高新技术企业总数达到<_param18_>，是“十二五”末的<_param19_>",
                "建设改造万官大街、博阳路、环山路东延等城市主干道，新建续建道路<_param20_>、<_param21_>。完成老旧小区改造<_param22_>",
                "“贴心代办、一次办好”改革不断深化，推出“带方案出让用地”审批服务新模式，工业新增用地项目实现“拿地即开工”，打响“泰好办”服务品牌，获评中国投资环境百佳城市、中国企业营商环境十佳城市。全面完成国有企业“三供一业”分离移交。全市实有市场主体达到<_param23_>，比<_param24_>增长<_param25_>。“十三五”时期，完成进出口总值<_param26_>，年均增长<_param27_>；招商引资项目到位市外资金<_param28_>；实际利用外资<_param29_>，年均增长<_param30_>",
                "泰山区域山水林田湖草生态保护修复工程成功入选全国试点，完成投资<_param31_>。全面加强泰山石保护，彻底关闭取缔各类大型石头交易市场<_param32_>",
                "累计实现城镇新增就业<_param33_>万人，期末城镇登记失业率<_param34_>。教育经费提高到<_param35_>，较“十二五”末增长<_param36_>，累计建设中小学校、幼儿园<_param37_>，增长<_param38_>，泰安一中新校区、市特教中心建成投用，义务教育“大班额”全面消除。建成全国首家慢病互联网医院。在全省率先实现互联网医保线上支付，被确定为全国城市医联体建设试点市。成功举办首届泰山国际文化论坛。泰山国际登山比赛、泰山国际马拉松获评中国体育旅游精品赛事",
                "<_param5_>，地区生产总值增长<_param39_>；一般公共预算收入增长<_param40_>；固定资产投资增长<_param41_>；规模以上工业企业实现营业收入<_param42_>，同比增长<_param43_>；存贷款余额分别增长<_param44_>、<_param45_>；进出口总值增长<_param46_>，实际利用外资增长<_param47_>",
                "高新技术企业新增<_param48_>，国家级制造业单项冠军和绿色工厂分别达到<_param49_>、<_param50_>。石横特钢产能置换一期、泰开智能制造、泰山玻纤七线八线、泰山石膏护面纸、恒信高科能源等一批重大产业项目建成投产，国泰大成、正威新材料、钜成集团LCOS芯片、泰山政法大数据产业园等一批项目落地建设。吸引工商资本下乡<_param51_>，新增规模以上农业龙头企业<_param52_>、达到<_param53_>，其中国家级<_param54_>",
                "深入落实人才“金十条”，累计兑现各类奖补资金<_param55_>。引进培育产业领军人才<_param56_>人，培养实用技能人才<_param57_>人，新增来泰就业高校毕业生<_param58_>人",
                "援疆、与巫溪县对口扶贫协作工作取得明显成效。编制实施《东平湖生态保护和高质量发展专项规划》，东平湖环境综合治理攻坚行动取得明显成效。实施金融风险化解攻坚，深入开展“增信贷、降不良、打逃债、树诚信”专项行动，超前化解重点骨干工业企业和逾期欠息企业资金链风险，金融机构不良贷款、不良贷款率连续实现“双下降”",
                "济泰高速、青兰高速、董梁高速等<_param59_>高速公路项目建成通车，新增通车里程<_param60_>。着力疏通城市堵点，打通擂鼓石大街、灵山大街、北上高大街、青年路南段等“断头路”“卡脖子路”，建成首条高架路——迎胜路南延工程，城市路网体系日益完善。实施雨污分流改造工程，新建管网<_param61_>，老旧管线非开挖清淤<_param62_>；泮河等河道综合整治成效明显，城区黑臭水体基本消除",
                "强化安全生产风险防控，安全生产形势持续平稳。食品药品安全、国防动员、人民防空、退役军人、民族宗教、残疾人、工会、共青团、妇女儿童等事业取得新成绩",
                "在市委的坚强领导下，巩固拓展“不忘初心、牢记使命”主题教育成果，政府系统党的建设全面加强。持续推进政务公开，<_param63_>政务服务热线受理群众有效投诉<_param64_>，按期办结率达到<_param65_>。深入开展法治政府建设示范创建。办理人大代表建议<_param66_>、政协提案<_param67_>，答复率均达<_param68_>。切实加强政府廉政建设，严格落实中央八项规定精神，大力整治形式主义官僚主义，文件、会议进一步精简，“三公”经费同比压减<_param69_>，政风行风持续好转",
                "各位代表！以上成绩的取得，是我们深入贯彻落实习近平新时代中国特色社会主义思想的结果，是市委坚强领导的结果，是市人大、市政协及社会各界有效监督和大力支持的结果，是全市人民解放思想、团结拼搏的结果，也是驻泰各单位和各界人士全力支持、自觉融入泰安经济社会发展的结果。在此，我代表市人民政府，向全市广大干部群众、各民主党派、工商联、无党派人士，向驻泰人民解放军、武警官兵和中央、省驻泰单位，向关心支持泰安发展的港澳台同胞、海外侨胞及海内外朋友，向在这次伟大的抗疫斗争中，作出突出贡献的广大医务工作者和党员干部群众，向在创建全国文明城市中，作出积极贡献的泰城市民、广大志愿者和各行各业的干部职工，表示崇高敬意和衷心感谢！",
                "在肯定成绩的同时，必须清醒地看到，当前疫情变化和外部环境存在诸多不确定性，我市经济恢复基础尚不牢固，还存在诸多困难和问题：对照先进地市，经济总量偏小、综合实力偏弱的市情还没有得到根本改变；对照高质量发展任务，“传统产业转型慢、新兴产业支撑弱”的产业现状还没有得到根本改变；对照全面深化改革目标，源头创新能力不强、服务效能不高、开放程度不深等方面问题还没有得到根本改变；对照“六保三促”要求，破解瓶颈制约力度不够问题还没有得到根本改变；对照人民期望要求，公共服务、基础设施等领域还存在短板弱项；民生保障和社会治理有待进一步加强；营商环境还需进一步优化；落实中央八项规定精神和干部队伍建设还有差距，等等。对此，我们一定高度重视，采取有效措施，认真加以解决",
                "我们要：高举中国特色社会主义伟大旗帜，深入贯彻党的十九大和十九届二中、三中、四中、五中全会精神，坚持以习近平新时代中国特色社会主义思想为指导，统筹推进“五位一体”总体布局，协调推进“四个全面”战略布局，坚定不移贯彻创新、协调、绿色、开放、共享的新发展理念，坚持稳中求进工作总基调，以推动高质量发展为主题，以深化供给侧结构性改革为主线，以改革创新为根本动力，以满足人民日益增长的美好生活需要为根本目的，主动融入新发展格局，加快培育现代产业体系，深入推进治理体系和治理能力现代化，勇做新时代泰山“挑山工”，为全面建设新时代现代化强市开好局、起好步",
                "综合实力显著增强、发展质效大幅提升、发展活力充分释放、改革开放持续深化、生态环境更加优美、治理效能明显提高、人民生活更加富足，在新材料和装备制造、生态建设、文化旅游、高端康养、科技教育、区域交通、治理效能等方面走在全省前列，努力建成产业高地、生态绿地、文旅胜地、康养福地、科创名地",
                "“山水圣人”中华文化枢轴、大泰山文化旅游圈等文旅协同合作取得重大进展，“山城一体、全域布局、文旅相长、宜融尽融”的文旅深度融合格局基本形成，高品质公共文化产品和服务供给能力明显增强，打造彰显泰山魅力的国际文旅胜地",
                "各位代表！做好“十四五”工作，实现上述预期目标，我们要在市委的坚强领导下，坚持好“五个原则”，不断提升促进发展的能力和水平。四是必须坚持深化改革开放"
            ],
            "child": []
        },
        {
            "title": "(1级标题)<_param1_>政府重点工作",
            "level": 1,
            "paragraphs": [
                "今年是“十四五”规划开局之年，是“两个百年”目标交汇与转换之年，是我市开启新时代现代化强市建设新征程的关键一年，做好今年工作意义重大",
                "主要预期目标是：地区生产总值增长<_param70_>左右；一般公共预算收入增长<_param71_>左右；规模以上工业增加值增长<_param70_>左右；固定资产投资增长<_param72_>左右；社会消费品零售总额增长<_param73_>左右；外贸进出口总值增幅达到全省平均水平；城镇居民、农村居民人均可支配收入分别增长<_param70_>左右、<_param74_>左右；城镇新增就业<_param75_>万人，城镇登记失业率控制在<_param76_>以内；居民消费价格指数涨幅控制在<_param39_>左右。节能减排降碳和环境改善任务全面完成",
                "实施科技企业梯次培育工程，突出抓好科技创新型企业<_param77_>强培植，持续推动科技型中小企业发展壮大，新培育瞪羚企业<_param78_>、“专精特新”企业<_param79_>，新增高新技术企业<_param80_>",
                "推动与北京大学、山东大学、东华大学、青岛大学、济南大学等高水平大学的产业协同创新，推进北航泰山科创园建设，实现高校产学研平台落户在泰安、成果转化在泰安的常态化。深化“优才回引”，吸引泰安籍高校毕业生回乡就业创业",
                "支持骨干企业做大做强，实施“链长制”，大力培植具有“链主”地位的领军企业。持续加大对“双50强”企业支持力度，工业领军企业<_param77_>强营业收入增幅高于规上工业企业平均水平<_param71_>，科技创新型企业<_param77_>强营业收入同比增长<_param81_>",
                "健全完善“四个一批”调度制度，坚持清单化推进、目标化管理，加快建设石横特钢二期、正威泰安金属新材料产业园、泰安二期抽水蓄能电站、恒信高科能源二期、国泰大成新材料、泰山玻纤深加工等省、市重点项目；提升国家级新能源示范城市建设水平，推进国家级盐穴储气储能产业基地、省级液化天然气储备基地、华硕能源、华能泰安燃机热电等重大项目取得突破。落实好重大投资项目“绿卡”制度，争取更多项目纳入新动能重大项目可视化督导服务平台，推动更多符合条件的项目列入国家盘子",
                "实施泰山文化保护传承工程，编制泰山世界文化遗产保护规划，加强非遗文化传承创新。继续办好泰山国际文化论坛，提高泰山文化传播力、影响力",
                "加快泰山新闻出版小镇、华录文化大数据产业城、泰山石敢当文化园、泰山冰雪文体中心、演艺秀都等建设",
                "新增市级以上现代农业产业园<_param82_>。实施农业龙头企业培育工程，规模以上农业龙头企业达到<_param83_>以上，年销售收入达到<_param84_>；新增市级以上合作社示范社<_param85_>、家庭农场示范场<_param86_>",
                "实施新一轮农村人居环境整治行动，深化农村“七改”工程，推动农村改厕规范升级；完成<_param87_>以上行政村生活污水治理；实施“路长制”，改革农村公路、“三通”道路管理养护体制，新改建“四好农村路”<_param88_>以上，推动“三通”工程向自然村延伸",
                "完善林长制，实施国土绿化攻坚行动，完成新造林<_param89_>。落实《东平湖生态保护和高质量发展专项规划》，统筹推进东平湖综合治理",
                "不断深化“放管服”改革，全面实行政府权责清单制度；加快行政审批服务流程再造，实施“互联网+政务服务”行动，擦亮“泰好办”高效政务服务品牌",
                "加大双招双引力度。积极参加中国国际进口博览会，办好泰山国际登山节投资合作洽谈会等展会活动，努力引进“双500强”企业和产业链引擎项目",
                "京台高速泰安至枣庄段建成通车，开工建设京台高速济南至泰安段改扩建、泰安至东平高速公路，积极配合做好鲁中、滨临、济济等铁路项目前期工作",
                "加速老旧小区改造，年内改造老旧小区<_param90_>、开工改造棚户区<_param91_>",
                "加快智慧城市建设，促进城市治理现代化。加快徂汶净水厂、山口净水厂、西部热源项目建设，启动东部热源项目工程。坚持“文化润城”，积极实施古城区保护，推进文化街区更新，更好留住泰安“文化基因”。巩固全国文明城市创建成果，全力迎接国家卫生城市复审",
                "加强就业创业服务平台载体建设，抓好高校毕业生、农民工等重点人员就业创业",
                "实施学前教育优质普惠行动，新改扩建幼儿园<_param92_>，增加学前教育学位<_param93_>",
                "健全完善社会保障体系",
                "提升医疗卫生服务能力。加快推进市疾控中心能力提升改造项目、市中心医院分院（市传染病医院）扩建项目和市残疾人康复中心二期工程建设，启用市中心医院高新区院区",
                "繁荣发展文化体育事业",
                "加强食品药品安全、特种设备安全监管。深化“金安工程”和“金融风险化解攻坚行动”，持续深入开展“增信贷、降不良、打逃债、树诚信”专项行动",
                "大力推进法治政府示范创建，开展年终述法工作。主动接受人大法律监督、政协民主监督和社会舆论监督，认真听取民主党派、工商联、无党派人士和人民团体的意见。持之以恒纠“四风”、转作风，力戒形式主义官僚主义，大力精简文件、会议，落实好“周一无来人、二三无会议”制度，持续为基层减负松绑。坚定不移落实全面从严治党主体责任，强化政府系统党风廉政建设，严格履行“一岗双责”",
                "让我们更加紧密地团结在以习近平同志为核心的党中央周围，高举习近平新时代中国特色社会主义思想伟大旗帜，不忘初心、牢记使命，在中共泰安市委的坚强领导下，勇做新时代泰山“挑山工”，击鼓再奋战、整装再出发、再创新辉煌，携手向着第二个百年目标奋勇前进，为高水平建设新时代现代化强市努力奋斗，以优异成绩迎接建党<_param94_>！"
            ],
            "child": []
        }
    ],
    "params": [
        {
            "name": "<_param1_>",
            "value": "2021年",
            "freq": 2
        },
        {
            "name": "<_param2_>",
            "value": "2021年1月25日",
            "freq": 1
        },
        {
            "name": "<_param3_>",
            "value": "第十七届",
            "freq": 1
        },
        {
            "name": "<_param4_>",
            "value": "第六次",
            "freq": 1
        },
        {
            "name": "<_param5_>",
            "value": "2020年",
            "freq": 2
        },
        {
            "name": "<_param6_>",
            "value": "2766.5亿元",
            "freq": 1
        },
        {
            "name": "<_param7_>",
            "value": "5.8%",
            "freq": 1
        },
        {
            "name": "<_param8_>",
            "value": "2010年",
            "freq": 2
        },
        {
            "name": "<_param9_>",
            "value": "229.2亿元",
            "freq": 1
        },
        {
            "name": "<_param10_>",
            "value": "2.2%",
            "freq": 1
        },
        {
            "name": "<_param11_>",
            "value": "1022.4亿元",
            "freq": 1
        },
        {
            "name": "<_param12_>",
            "value": "4.4%",
            "freq": 1
        },
        {
            "name": "<_param13_>",
            "value": "4559.6亿元",
            "freq": 1
        },
        {
            "name": "<_param14_>",
            "value": "3136.3亿元",
            "freq": 1
        },
        {
            "name": "<_param15_>",
            "value": "13.7%",
            "freq": 1
        },
        {
            "name": "<_param16_>",
            "value": "14.8%",
            "freq": 1
        },
        {
            "name": "<_param17_>",
            "value": "30937元",
            "freq": 1
        },
        {
            "name": "<_param18_>",
            "value": "369家",
            "freq": 1
        },
        {
            "name": "<_param19_>",
            "value": "3.2倍",
            "freq": 1
        },
        {
            "name": "<_param20_>",
            "value": "25条",
            "freq": 1
        },
        {
            "name": "<_param21_>",
            "value": "71.6公里",
            "freq": 1
        },
        {
            "name": "<_param22_>",
            "value": "4.71万户",
            "freq": 1
        },
        {
            "name": "<_param23_>",
            "value": "49.3万户",
            "freq": 1
        },
        {
            "name": "<_param24_>",
            "value": "2015年",
            "freq": 1
        },
        {
            "name": "<_param25_>",
            "value": "81.4%",
            "freq": 1
        },
        {
            "name": "<_param26_>",
            "value": "833.9亿元",
            "freq": 1
        },
        {
            "name": "<_param27_>",
            "value": "8.4%",
            "freq": 1
        },
        {
            "name": "<_param28_>",
            "value": "1842.3亿元",
            "freq": 1
        },
        {
            "name": "<_param29_>",
            "value": "30亿美元",
            "freq": 1
        },
        {
            "name": "<_param30_>",
            "value": "14.2%",
            "freq": 1
        },
        {
            "name": "<_param31_>",
            "value": "144.8亿元",
            "freq": 1
        },
        {
            "name": "<_param32_>",
            "value": "236处",
            "freq": 1
        },
        {
            "name": "<_param33_>",
            "value": "27.7",
            "freq": 1
        },
        {
            "name": "<_param34_>",
            "value": "2.08%",
            "freq": 1
        },
        {
            "name": "<_param35_>",
            "value": "110亿元",
            "freq": 1
        },
        {
            "name": "<_param36_>",
            "value": "45.5%",
            "freq": 1
        },
        {
            "name": "<_param37_>",
            "value": "1111处",
            "freq": 1
        },
        {
            "name": "<_param38_>",
            "value": "55.6%",
            "freq": 1
        },
        {
            "name": "<_param39_>",
            "value": "3.5%",
            "freq": 2
        },
        {
            "name": "<_param40_>",
            "value": "2%",
            "freq": 1
        },
        {
            "name": "<_param41_>",
            "value": "2.9%",
            "freq": 1
        },
        {
            "name": "<_param42_>",
            "value": "2137.1亿元",
            "freq": 1
        },
        {
            "name": "<_param43_>",
            "value": "1.4%",
            "freq": 1
        },
        {
            "name": "<_param44_>",
            "value": "11.4%",
            "freq": 1
        },
        {
            "name": "<_param45_>",
            "value": "16.3%",
            "freq": 1
        },
        {
            "name": "<_param46_>",
            "value": "24.8%",
            "freq": 1
        },
        {
            "name": "<_param47_>",
            "value": "109.9%",
            "freq": 1
        },
        {
            "name": "<_param48_>",
            "value": "97家",
            "freq": 1
        },
        {
            "name": "<_param49_>",
            "value": "15家",
            "freq": 1
        },
        {
            "name": "<_param50_>",
            "value": "19家",
            "freq": 1
        },
        {
            "name": "<_param51_>",
            "value": "395亿元",
            "freq": 1
        },
        {
            "name": "<_param52_>",
            "value": "6家",
            "freq": 1
        },
        {
            "name": "<_param53_>",
            "value": "331家",
            "freq": 1
        },
        {
            "name": "<_param54_>",
            "value": "4家",
            "freq": 1
        },
        {
            "name": "<_param55_>",
            "value": "2.36亿元",
            "freq": 1
        },
        {
            "name": "<_param56_>",
            "value": "100余",
            "freq": 1
        },
        {
            "name": "<_param57_>",
            "value": "6320",
            "freq": 1
        },
        {
            "name": "<_param58_>",
            "value": "1.7万余",
            "freq": 1
        },
        {
            "name": "<_param59_>",
            "value": "6个",
            "freq": 1
        },
        {
            "name": "<_param60_>",
            "value": "190.6公里",
            "freq": 1
        },
        {
            "name": "<_param61_>",
            "value": "62.5公里",
            "freq": 1
        },
        {
            "name": "<_param62_>",
            "value": "318公里",
            "freq": 1
        },
        {
            "name": "<_param63_>",
            "value": "12345",
            "freq": 1
        },
        {
            "name": "<_param64_>",
            "value": "84.96万件",
            "freq": 1
        },
        {
            "name": "<_param65_>",
            "value": "99.7%",
            "freq": 1
        },
        {
            "name": "<_param66_>",
            "value": "111件",
            "freq": 1
        },
        {
            "name": "<_param67_>",
            "value": "265件",
            "freq": 1
        },
        {
            "name": "<_param68_>",
            "value": "100%",
            "freq": 1
        },
        {
            "name": "<_param69_>",
            "value": "34.9%",
            "freq": 1
        },
        {
            "name": "<_param70_>",
            "value": "6%",
            "freq": 3
        },
        {
            "name": "<_param71_>",
            "value": "5%",
            "freq": 2
        },
        {
            "name": "<_param72_>",
            "value": "3%",
            "freq": 1
        },
        {
            "name": "<_param73_>",
            "value": "4%",
            "freq": 1
        },
        {
            "name": "<_param74_>",
            "value": "6.5%",
            "freq": 1
        },
        {
            "name": "<_param75_>",
            "value": "4.3",
            "freq": 1
        },
        {
            "name": "<_param76_>",
            "value": "4.5%",
            "freq": 1
        },
        {
            "name": "<_param77_>",
            "value": "50",
            "freq": 3
        },
        {
            "name": "<_param78_>",
            "value": "10家",
            "freq": 1
        },
        {
            "name": "<_param79_>",
            "value": "20家",
            "freq": 1
        },
        {
            "name": "<_param80_>",
            "value": "30家",
            "freq": 1
        },
        {
            "name": "<_param81_>",
            "value": "15%",
            "freq": 1
        },
        {
            "name": "<_param82_>",
            "value": "5家",
            "freq": 1
        },
        {
            "name": "<_param83_>",
            "value": "335家",
            "freq": 1
        },
        {
            "name": "<_param84_>",
            "value": "480亿元",
            "freq": 1
        },
        {
            "name": "<_param85_>",
            "value": "60家",
            "freq": 1
        },
        {
            "name": "<_param86_>",
            "value": "40家",
            "freq": 1
        },
        {
            "name": "<_param87_>",
            "value": "65%",
            "freq": 1
        },
        {
            "name": "<_param88_>",
            "value": "400公里",
            "freq": 1
        },
        {
            "name": "<_param89_>",
            "value": "1万亩",
            "freq": 1
        },
        {
            "name": "<_param90_>",
            "value": "59个",
            "freq": 1
        },
        {
            "name": "<_param91_>",
            "value": "2148套",
            "freq": 1
        },
        {
            "name": "<_param92_>",
            "value": "17处",
            "freq": 1
        },
        {
            "name": "<_param93_>",
            "value": "2800个",
            "freq": 1
        },
        {
            "name": "<_param94_>",
            "value": "100周年",
            "freq": 1
        }
    ]
}
04/05/2022 20:06:52 - INFO - 篇章学习完成
04/05/2022 20:06:52 - INFO - 文档学习完成
